[basic_cleaning] Normalizing obvious empty strings and trimming whitespace.
[enforce_dtypes] Enforcing numeric and categorical-friendly dtypes.
[basic_cleaning] Normalizing obvious empty strings and trimming whitespace.
[enforce_dtypes] Enforcing numeric and categorical-friendly dtypes.
[split_passenger_id_features] Splitting PassengerId into group features.
[split_passenger_id_features] Splitting PassengerId into group features.
[split_cabin_features] Splitting Cabin into deck/number/side.
[split_cabin_features] Splitting Cabin into deck/number/side.
[extract_name_features] Extracting surname tokens from Name.
[extract_name_features] Extracting surname tokens from Name.
[create_missing_indicators] Creating missing-value indicator columns.
[create_missing_indicators] Creating missing-value indicator columns.
[infer_missing_cryosleep] Applying rule-based CryoSleep inference.
[infer_missing_cryosleep] Applying rule-based CryoSleep inference.
[apply_cryosleep_spend_rule] Forcing spend columns to zero when CryoSleep is True.
[apply_cryosleep_spend_rule] Forcing spend columns to zero when CryoSleep is True.
[fit_common_statistics] Fitting train-only statistics for Age, SurnameFreq, spend, and CabinNumBin.
[apply_common_statistics] Applying train-fit statistics and deterministic fills.
[_apply_spend_imputation] Filling spend columns with hierarchical medians and fallbacks.
[apply_common_statistics] Applying train-fit statistics and deterministic fills.
[_apply_spend_imputation] Filling spend columns with hierarchical medians and fallbacks.
[create_spend_features] Building TotalSpend, IsZeroSpend, and SpendCount.
[create_age_features] Building age segment features.
[create_spend_structure_features] Building spend structure features.
[create_group_structure_features] Building group structure features.
[create_interaction_categorical_features] Building interaction categorical features.
[create_catboost_group_features] Building CatBoost-specific group features.
[create_catboost_cabin_features] Building CatBoost-specific cabin features.
[create_catboost_spend_features] Building CatBoost-specific spend features.
[create_catboost_surname_features] Building CatBoost-specific surname features.
[finalize_common_frame] Finalizing common frame for fold_train.
[create_spend_features] Building TotalSpend, IsZeroSpend, and SpendCount.
[create_age_features] Building age segment features.
[create_spend_structure_features] Building spend structure features.
[create_group_structure_features] Building group structure features.
[create_interaction_categorical_features] Building interaction categorical features.
[create_catboost_group_features] Building CatBoost-specific group features.
[create_catboost_cabin_features] Building CatBoost-specific cabin features.
[create_catboost_spend_features] Building CatBoost-specific spend features.
[create_catboost_surname_features] Building CatBoost-specific surname features.
[finalize_common_frame] Finalizing common frame for fold_apply.
[basic_cleaning] Normalizing obvious empty strings and trimming whitespace.
[enforce_dtypes] Enforcing numeric and categorical-friendly dtypes.
[basic_cleaning] Normalizing obvious empty strings and trimming whitespace.
[enforce_dtypes] Enforcing numeric and categorical-friendly dtypes.
[split_passenger_id_features] Splitting PassengerId into group features.
[split_passenger_id_features] Splitting PassengerId into group features.
[split_cabin_features] Splitting Cabin into deck/number/side.
[split_cabin_features] Splitting Cabin into deck/number/side.
[extract_name_features] Extracting surname tokens from Name.
[extract_name_features] Extracting surname tokens from Name.
[create_missing_indicators] Creating missing-value indicator columns.
[create_missing_indicators] Creating missing-value indicator columns.
[infer_missing_cryosleep] Applying rule-based CryoSleep inference.
[infer_missing_cryosleep] Applying rule-based CryoSleep inference.
[apply_cryosleep_spend_rule] Forcing spend columns to zero when CryoSleep is True.
[apply_cryosleep_spend_rule] Forcing spend columns to zero when CryoSleep is True.
[fit_common_statistics] Fitting train-only statistics for Age, SurnameFreq, spend, and CabinNumBin.
[apply_common_statistics] Applying train-fit statistics and deterministic fills.
[_apply_spend_imputation] Filling spend columns with hierarchical medians and fallbacks.
[apply_common_statistics] Applying train-fit statistics and deterministic fills.
[_apply_spend_imputation] Filling spend columns with hierarchical medians and fallbacks.
[create_spend_features] Building TotalSpend, IsZeroSpend, and SpendCount.
[create_age_features] Building age segment features.
[create_spend_structure_features] Building spend structure features.
[create_group_structure_features] Building group structure features.
[create_interaction_categorical_features] Building interaction categorical features.
[create_catboost_group_features] Building CatBoost-specific group features.
[create_catboost_cabin_features] Building CatBoost-specific cabin features.
[create_catboost_spend_features] Building CatBoost-specific spend features.
[create_catboost_surname_features] Building CatBoost-specific surname features.
[finalize_common_frame] Finalizing common frame for fold_train.
[create_spend_features] Building TotalSpend, IsZeroSpend, and SpendCount.
[create_age_features] Building age segment features.
[create_spend_structure_features] Building spend structure features.
[create_group_structure_features] Building group structure features.
[create_interaction_categorical_features] Building interaction categorical features.
[create_catboost_group_features] Building CatBoost-specific group features.
[create_catboost_cabin_features] Building CatBoost-specific cabin features.
[create_catboost_spend_features] Building CatBoost-specific spend features.
[create_catboost_surname_features] Building CatBoost-specific surname features.
[finalize_common_frame] Finalizing common frame for fold_apply.
[get_feature_sets_for_cat] Selecting CatBoost feature columns.
[preprocess_for_catboost] Preserving native string categorical features for CatBoost.
[basic_cleaning] Normalizing obvious empty strings and trimming whitespace.
[enforce_dtypes] Enforcing numeric and categorical-friendly dtypes.
[basic_cleaning] Normalizing obvious empty strings and trimming whitespace.
[enforce_dtypes] Enforcing numeric and categorical-friendly dtypes.
[split_passenger_id_features] Splitting PassengerId into group features.
[split_passenger_id_features] Splitting PassengerId into group features.
[split_cabin_features] Splitting Cabin into deck/number/side.
[split_cabin_features] Splitting Cabin into deck/number/side.
[extract_name_features] Extracting surname tokens from Name.
[extract_name_features] Extracting surname tokens from Name.
[create_missing_indicators] Creating missing-value indicator columns.
[create_missing_indicators] Creating missing-value indicator columns.
[infer_missing_cryosleep] Applying rule-based CryoSleep inference.
[infer_missing_cryosleep] Applying rule-based CryoSleep inference.
[apply_cryosleep_spend_rule] Forcing spend columns to zero when CryoSleep is True.
[apply_cryosleep_spend_rule] Forcing spend columns to zero when CryoSleep is True.
[fit_common_statistics] Fitting train-only statistics for Age, SurnameFreq, spend, and CabinNumBin.
[apply_common_statistics] Applying train-fit statistics and deterministic fills.
[_apply_spend_imputation] Filling spend columns with hierarchical medians and fallbacks.
[apply_common_statistics] Applying train-fit statistics and deterministic fills.
[_apply_spend_imputation] Filling spend columns with hierarchical medians and fallbacks.
[create_spend_features] Building TotalSpend, IsZeroSpend, and SpendCount.
[create_age_features] Building age segment features.
[create_spend_structure_features] Building spend structure features.
[create_group_structure_features] Building group structure features.
[create_interaction_categorical_features] Building interaction categorical features.
[create_catboost_group_features] Building CatBoost-specific group features.
[create_catboost_cabin_features] Building CatBoost-specific cabin features.
[create_catboost_spend_features] Building CatBoost-specific spend features.
[create_catboost_surname_features] Building CatBoost-specific surname features.
[finalize_common_frame] Finalizing common frame for fold_train.
[create_spend_features] Building TotalSpend, IsZeroSpend, and SpendCount.
[create_age_features] Building age segment features.
[create_spend_structure_features] Building spend structure features.
[create_group_structure_features] Building group structure features.
[create_interaction_categorical_features] Building interaction categorical features.
[create_catboost_group_features] Building CatBoost-specific group features.
[create_catboost_cabin_features] Building CatBoost-specific cabin features.
[create_catboost_spend_features] Building CatBoost-specific spend features.
[create_catboost_surname_features] Building CatBoost-specific surname features.
[finalize_common_frame] Finalizing common frame for fold_apply.
[basic_cleaning] Normalizing obvious empty strings and trimming whitespace.
[enforce_dtypes] Enforcing numeric and categorical-friendly dtypes.
[basic_cleaning] Normalizing obvious empty strings and trimming whitespace.
[enforce_dtypes] Enforcing numeric and categorical-friendly dtypes.
[split_passenger_id_features] Splitting PassengerId into group features.
[split_passenger_id_features] Splitting PassengerId into group features.
[split_cabin_features] Splitting Cabin into deck/number/side.
[split_cabin_features] Splitting Cabin into deck/number/side.
[extract_name_features] Extracting surname tokens from Name.
[extract_name_features] Extracting surname tokens from Name.
[create_missing_indicators] Creating missing-value indicator columns.
[create_missing_indicators] Creating missing-value indicator columns.
[infer_missing_cryosleep] Applying rule-based CryoSleep inference.
[infer_missing_cryosleep] Applying rule-based CryoSleep inference.
[apply_cryosleep_spend_rule] Forcing spend columns to zero when CryoSleep is True.
[apply_cryosleep_spend_rule] Forcing spend columns to zero when CryoSleep is True.
[fit_common_statistics] Fitting train-only statistics for Age, SurnameFreq, spend, and CabinNumBin.
[apply_common_statistics] Applying train-fit statistics and deterministic fills.
[_apply_spend_imputation] Filling spend columns with hierarchical medians and fallbacks.
[apply_common_statistics] Applying train-fit statistics and deterministic fills.
[_apply_spend_imputation] Filling spend columns with hierarchical medians and fallbacks.
[create_spend_features] Building TotalSpend, IsZeroSpend, and SpendCount.
[create_age_features] Building age segment features.
[create_spend_structure_features] Building spend structure features.
[create_group_structure_features] Building group structure features.
[create_interaction_categorical_features] Building interaction categorical features.
[create_catboost_group_features] Building CatBoost-specific group features.
[create_catboost_cabin_features] Building CatBoost-specific cabin features.
[create_catboost_spend_features] Building CatBoost-specific spend features.
[create_catboost_surname_features] Building CatBoost-specific surname features.
[finalize_common_frame] Finalizing common frame for fold_train.
[create_spend_features] Building TotalSpend, IsZeroSpend, and SpendCount.
[create_age_features] Building age segment features.
[create_spend_structure_features] Building spend structure features.
[create_group_structure_features] Building group structure features.
[create_interaction_categorical_features] Building interaction categorical features.
[create_catboost_group_features] Building CatBoost-specific group features.
[create_catboost_cabin_features] Building CatBoost-specific cabin features.
[create_catboost_spend_features] Building CatBoost-specific spend features.
[create_catboost_surname_features] Building CatBoost-specific surname features.
[finalize_common_frame] Finalizing common frame for fold_apply.
[get_feature_sets_for_cat] Selecting CatBoost feature columns.
[preprocess_for_catboost] Preserving native string categorical features for CatBoost.
[basic_cleaning] Normalizing obvious empty strings and trimming whitespace.
[enforce_dtypes] Enforcing numeric and categorical-friendly dtypes.
[basic_cleaning] Normalizing obvious empty strings and trimming whitespace.
[enforce_dtypes] Enforcing numeric and categorical-friendly dtypes.
[split_passenger_id_features] Splitting PassengerId into group features.
[split_passenger_id_features] Splitting PassengerId into group features.
[split_cabin_features] Splitting Cabin into deck/number/side.
[split_cabin_features] Splitting Cabin into deck/number/side.
[extract_name_features] Extracting surname tokens from Name.
[extract_name_features] Extracting surname tokens from Name.
[create_missing_indicators] Creating missing-value indicator columns.
[create_missing_indicators] Creating missing-value indicator columns.
[infer_missing_cryosleep] Applying rule-based CryoSleep inference.
[infer_missing_cryosleep] Applying rule-based CryoSleep inference.
[apply_cryosleep_spend_rule] Forcing spend columns to zero when CryoSleep is True.
[apply_cryosleep_spend_rule] Forcing spend columns to zero when CryoSleep is True.
[fit_common_statistics] Fitting train-only statistics for Age, SurnameFreq, spend, and CabinNumBin.
[apply_common_statistics] Applying train-fit statistics and deterministic fills.
[_apply_spend_imputation] Filling spend columns with hierarchical medians and fallbacks.
[apply_common_statistics] Applying train-fit statistics and deterministic fills.
[_apply_spend_imputation] Filling spend columns with hierarchical medians and fallbacks.
[create_spend_features] Building TotalSpend, IsZeroSpend, and SpendCount.
[create_age_features] Building age segment features.
[create_spend_structure_features] Building spend structure features.
[create_group_structure_features] Building group structure features.
[create_interaction_categorical_features] Building interaction categorical features.
[create_catboost_group_features] Building CatBoost-specific group features.
[create_catboost_cabin_features] Building CatBoost-specific cabin features.
[create_catboost_spend_features] Building CatBoost-specific spend features.
[create_catboost_surname_features] Building CatBoost-specific surname features.
[finalize_common_frame] Finalizing common frame for fold_train.
[create_spend_features] Building TotalSpend, IsZeroSpend, and SpendCount.
[create_age_features] Building age segment features.
[create_spend_structure_features] Building spend structure features.
[create_group_structure_features] Building group structure features.
[create_interaction_categorical_features] Building interaction categorical features.
[create_catboost_group_features] Building CatBoost-specific group features.
[create_catboost_cabin_features] Building CatBoost-specific cabin features.
[create_catboost_spend_features] Building CatBoost-specific spend features.
[create_catboost_surname_features] Building CatBoost-specific surname features.
[finalize_common_frame] Finalizing common frame for fold_apply.
[basic_cleaning] Normalizing obvious empty strings and trimming whitespace.
[enforce_dtypes] Enforcing numeric and categorical-friendly dtypes.
[basic_cleaning] Normalizing obvious empty strings and trimming whitespace.
[enforce_dtypes] Enforcing numeric and categorical-friendly dtypes.
[split_passenger_id_features] Splitting PassengerId into group features.
[split_passenger_id_features] Splitting PassengerId into group features.
[split_cabin_features] Splitting Cabin into deck/number/side.
[split_cabin_features] Splitting Cabin into deck/number/side.
[extract_name_features] Extracting surname tokens from Name.
[extract_name_features] Extracting surname tokens from Name.
[create_missing_indicators] Creating missing-value indicator columns.
[create_missing_indicators] Creating missing-value indicator columns.
[infer_missing_cryosleep] Applying rule-based CryoSleep inference.
[infer_missing_cryosleep] Applying rule-based CryoSleep inference.
[apply_cryosleep_spend_rule] Forcing spend columns to zero when CryoSleep is True.
[apply_cryosleep_spend_rule] Forcing spend columns to zero when CryoSleep is True.
[fit_common_statistics] Fitting train-only statistics for Age, SurnameFreq, spend, and CabinNumBin.
[apply_common_statistics] Applying train-fit statistics and deterministic fills.
[_apply_spend_imputation] Filling spend columns with hierarchical medians and fallbacks.
[apply_common_statistics] Applying train-fit statistics and deterministic fills.
[_apply_spend_imputation] Filling spend columns with hierarchical medians and fallbacks.
[create_spend_features] Building TotalSpend, IsZeroSpend, and SpendCount.
[create_age_features] Building age segment features.
[create_spend_structure_features] Building spend structure features.
[create_group_structure_features] Building group structure features.
[create_interaction_categorical_features] Building interaction categorical features.
[create_catboost_group_features] Building CatBoost-specific group features.
[create_catboost_cabin_features] Building CatBoost-specific cabin features.
[create_catboost_spend_features] Building CatBoost-specific spend features.
[create_catboost_surname_features] Building CatBoost-specific surname features.
[finalize_common_frame] Finalizing common frame for fold_train.
[create_spend_features] Building TotalSpend, IsZeroSpend, and SpendCount.
[create_age_features] Building age segment features.
[create_spend_structure_features] Building spend structure features.
[create_group_structure_features] Building group structure features.
[create_interaction_categorical_features] Building interaction categorical features.
[create_catboost_group_features] Building CatBoost-specific group features.
[create_catboost_cabin_features] Building CatBoost-specific cabin features.
[create_catboost_spend_features] Building CatBoost-specific spend features.
[create_catboost_surname_features] Building CatBoost-specific surname features.
[finalize_common_frame] Finalizing common frame for fold_apply.
[get_feature_sets_for_cat] Selecting CatBoost feature columns.
[preprocess_for_catboost] Preserving native string categorical features for CatBoost.
[basic_cleaning] Normalizing obvious empty strings and trimming whitespace.
[enforce_dtypes] Enforcing numeric and categorical-friendly dtypes.
[basic_cleaning] Normalizing obvious empty strings and trimming whitespace.
[enforce_dtypes] Enforcing numeric and categorical-friendly dtypes.
[split_passenger_id_features] Splitting PassengerId into group features.
[split_passenger_id_features] Splitting PassengerId into group features.
[split_cabin_features] Splitting Cabin into deck/number/side.
[split_cabin_features] Splitting Cabin into deck/number/side.
[extract_name_features] Extracting surname tokens from Name.
[extract_name_features] Extracting surname tokens from Name.
[create_missing_indicators] Creating missing-value indicator columns.
[create_missing_indicators] Creating missing-value indicator columns.
[infer_missing_cryosleep] Applying rule-based CryoSleep inference.
[infer_missing_cryosleep] Applying rule-based CryoSleep inference.
[apply_cryosleep_spend_rule] Forcing spend columns to zero when CryoSleep is True.
[apply_cryosleep_spend_rule] Forcing spend columns to zero when CryoSleep is True.
[fit_common_statistics] Fitting train-only statistics for Age, SurnameFreq, spend, and CabinNumBin.
[apply_common_statistics] Applying train-fit statistics and deterministic fills.
[_apply_spend_imputation] Filling spend columns with hierarchical medians and fallbacks.
[apply_common_statistics] Applying train-fit statistics and deterministic fills.
[_apply_spend_imputation] Filling spend columns with hierarchical medians and fallbacks.
[create_spend_features] Building TotalSpend, IsZeroSpend, and SpendCount.
[create_age_features] Building age segment features.
[create_spend_structure_features] Building spend structure features.
[create_group_structure_features] Building group structure features.
[create_interaction_categorical_features] Building interaction categorical features.
[create_catboost_group_features] Building CatBoost-specific group features.
[create_catboost_cabin_features] Building CatBoost-specific cabin features.
[create_catboost_spend_features] Building CatBoost-specific spend features.
[create_catboost_surname_features] Building CatBoost-specific surname features.
[finalize_common_frame] Finalizing common frame for fold_train.
[create_spend_features] Building TotalSpend, IsZeroSpend, and SpendCount.
[create_age_features] Building age segment features.
[create_spend_structure_features] Building spend structure features.
[create_group_structure_features] Building group structure features.
[create_interaction_categorical_features] Building interaction categorical features.
[create_catboost_group_features] Building CatBoost-specific group features.
[create_catboost_cabin_features] Building CatBoost-specific cabin features.
[create_catboost_spend_features] Building CatBoost-specific spend features.
[create_catboost_surname_features] Building CatBoost-specific surname features.
[finalize_common_frame] Finalizing common frame for fold_apply.
[basic_cleaning] Normalizing obvious empty strings and trimming whitespace.
[enforce_dtypes] Enforcing numeric and categorical-friendly dtypes.
[basic_cleaning] Normalizing obvious empty strings and trimming whitespace.
[enforce_dtypes] Enforcing numeric and categorical-friendly dtypes.
[split_passenger_id_features] Splitting PassengerId into group features.
[split_passenger_id_features] Splitting PassengerId into group features.
[split_cabin_features] Splitting Cabin into deck/number/side.
[split_cabin_features] Splitting Cabin into deck/number/side.
[extract_name_features] Extracting surname tokens from Name.
[extract_name_features] Extracting surname tokens from Name.
[create_missing_indicators] Creating missing-value indicator columns.
[create_missing_indicators] Creating missing-value indicator columns.
[infer_missing_cryosleep] Applying rule-based CryoSleep inference.
[infer_missing_cryosleep] Applying rule-based CryoSleep inference.
[apply_cryosleep_spend_rule] Forcing spend columns to zero when CryoSleep is True.
[apply_cryosleep_spend_rule] Forcing spend columns to zero when CryoSleep is True.
[fit_common_statistics] Fitting train-only statistics for Age, SurnameFreq, spend, and CabinNumBin.
[apply_common_statistics] Applying train-fit statistics and deterministic fills.
[_apply_spend_imputation] Filling spend columns with hierarchical medians and fallbacks.
[apply_common_statistics] Applying train-fit statistics and deterministic fills.
[_apply_spend_imputation] Filling spend columns with hierarchical medians and fallbacks.
[create_spend_features] Building TotalSpend, IsZeroSpend, and SpendCount.
[create_age_features] Building age segment features.
[create_spend_structure_features] Building spend structure features.
[create_group_structure_features] Building group structure features.
[create_interaction_categorical_features] Building interaction categorical features.
[create_catboost_group_features] Building CatBoost-specific group features.
[create_catboost_cabin_features] Building CatBoost-specific cabin features.
[create_catboost_spend_features] Building CatBoost-specific spend features.
[create_catboost_surname_features] Building CatBoost-specific surname features.
[finalize_common_frame] Finalizing common frame for fold_train.
[create_spend_features] Building TotalSpend, IsZeroSpend, and SpendCount.
[create_age_features] Building age segment features.
[create_spend_structure_features] Building spend structure features.
[create_group_structure_features] Building group structure features.
[create_interaction_categorical_features] Building interaction categorical features.
[create_catboost_group_features] Building CatBoost-specific group features.
[create_catboost_cabin_features] Building CatBoost-specific cabin features.
[create_catboost_spend_features] Building CatBoost-specific spend features.
[create_catboost_surname_features] Building CatBoost-specific surname features.
[finalize_common_frame] Finalizing common frame for fold_apply.
[get_feature_sets_for_cat] Selecting CatBoost feature columns.
[preprocess_for_catboost] Preserving native string categorical features for CatBoost.
[basic_cleaning] Normalizing obvious empty strings and trimming whitespace.
[enforce_dtypes] Enforcing numeric and categorical-friendly dtypes.
[basic_cleaning] Normalizing obvious empty strings and trimming whitespace.
[enforce_dtypes] Enforcing numeric and categorical-friendly dtypes.
[split_passenger_id_features] Splitting PassengerId into group features.
[split_passenger_id_features] Splitting PassengerId into group features.
[split_cabin_features] Splitting Cabin into deck/number/side.
[split_cabin_features] Splitting Cabin into deck/number/side.
[extract_name_features] Extracting surname tokens from Name.
[extract_name_features] Extracting surname tokens from Name.
[create_missing_indicators] Creating missing-value indicator columns.
[create_missing_indicators] Creating missing-value indicator columns.
[infer_missing_cryosleep] Applying rule-based CryoSleep inference.
[infer_missing_cryosleep] Applying rule-based CryoSleep inference.
[apply_cryosleep_spend_rule] Forcing spend columns to zero when CryoSleep is True.
[apply_cryosleep_spend_rule] Forcing spend columns to zero when CryoSleep is True.
[fit_common_statistics] Fitting train-only statistics for Age, SurnameFreq, spend, and CabinNumBin.
[apply_common_statistics] Applying train-fit statistics and deterministic fills.
[_apply_spend_imputation] Filling spend columns with hierarchical medians and fallbacks.
[apply_common_statistics] Applying train-fit statistics and deterministic fills.
[_apply_spend_imputation] Filling spend columns with hierarchical medians and fallbacks.
[create_spend_features] Building TotalSpend, IsZeroSpend, and SpendCount.
[create_age_features] Building age segment features.
[create_spend_structure_features] Building spend structure features.
[create_group_structure_features] Building group structure features.
[create_interaction_categorical_features] Building interaction categorical features.
[create_catboost_group_features] Building CatBoost-specific group features.
[create_catboost_cabin_features] Building CatBoost-specific cabin features.
[create_catboost_spend_features] Building CatBoost-specific spend features.
[create_catboost_surname_features] Building CatBoost-specific surname features.
[finalize_common_frame] Finalizing common frame for fold_train.
[create_spend_features] Building TotalSpend, IsZeroSpend, and SpendCount.
[create_age_features] Building age segment features.
[create_spend_structure_features] Building spend structure features.
[create_group_structure_features] Building group structure features.
[create_interaction_categorical_features] Building interaction categorical features.
[create_catboost_group_features] Building CatBoost-specific group features.
[create_catboost_cabin_features] Building CatBoost-specific cabin features.
[create_catboost_spend_features] Building CatBoost-specific spend features.
[create_catboost_surname_features] Building CatBoost-specific surname features.
[finalize_common_frame] Finalizing common frame for fold_apply.
[basic_cleaning] Normalizing obvious empty strings and trimming whitespace.
[enforce_dtypes] Enforcing numeric and categorical-friendly dtypes.
[basic_cleaning] Normalizing obvious empty strings and trimming whitespace.
[enforce_dtypes] Enforcing numeric and categorical-friendly dtypes.
[split_passenger_id_features] Splitting PassengerId into group features.
[split_passenger_id_features] Splitting PassengerId into group features.
[split_cabin_features] Splitting Cabin into deck/number/side.
[split_cabin_features] Splitting Cabin into deck/number/side.
[extract_name_features] Extracting surname tokens from Name.
[extract_name_features] Extracting surname tokens from Name.
[create_missing_indicators] Creating missing-value indicator columns.
[create_missing_indicators] Creating missing-value indicator columns.
[infer_missing_cryosleep] Applying rule-based CryoSleep inference.
[infer_missing_cryosleep] Applying rule-based CryoSleep inference.
[apply_cryosleep_spend_rule] Forcing spend columns to zero when CryoSleep is True.
[apply_cryosleep_spend_rule] Forcing spend columns to zero when CryoSleep is True.
[fit_common_statistics] Fitting train-only statistics for Age, SurnameFreq, spend, and CabinNumBin.
[apply_common_statistics] Applying train-fit statistics and deterministic fills.
[_apply_spend_imputation] Filling spend columns with hierarchical medians and fallbacks.
[apply_common_statistics] Applying train-fit statistics and deterministic fills.
[_apply_spend_imputation] Filling spend columns with hierarchical medians and fallbacks.
[create_spend_features] Building TotalSpend, IsZeroSpend, and SpendCount.
[create_age_features] Building age segment features.
[create_spend_structure_features] Building spend structure features.
[create_group_structure_features] Building group structure features.
[create_interaction_categorical_features] Building interaction categorical features.
[create_catboost_group_features] Building CatBoost-specific group features.
[create_catboost_cabin_features] Building CatBoost-specific cabin features.
[create_catboost_spend_features] Building CatBoost-specific spend features.
[create_catboost_surname_features] Building CatBoost-specific surname features.
[finalize_common_frame] Finalizing common frame for fold_train.
[create_spend_features] Building TotalSpend, IsZeroSpend, and SpendCount.
[create_age_features] Building age segment features.
[create_spend_structure_features] Building spend structure features.
[create_group_structure_features] Building group structure features.
[create_interaction_categorical_features] Building interaction categorical features.
[create_catboost_group_features] Building CatBoost-specific group features.
[create_catboost_cabin_features] Building CatBoost-specific cabin features.
[create_catboost_spend_features] Building CatBoost-specific spend features.
[create_catboost_surname_features] Building CatBoost-specific surname features.
[finalize_common_frame] Finalizing common frame for fold_apply.
[get_feature_sets_for_cat] Selecting CatBoost feature columns.
[preprocess_for_catboost] Preserving native string categorical features for CatBoost.
[catboost] Refreshing preprocessing bundles from source code before training.
[run_all_preprocessing] Running full preprocessing workflow.
[load_raw_data] Loading raw CSV files from: /Users/shenyijie/Desktop/MLWP project/group3/reproduction/work/catboost_project_cv_project/spaceship-titanic
[load_raw_data] train shape=(8693, 14), test shape=(4277, 13)
[inspect_raw_data] Target in train only: True False
[build_common_features] Starting shared preprocessing pipeline.
[build_data_summary] Building raw data summary metadata.
[basic_cleaning] Normalizing obvious empty strings and trimming whitespace.
[enforce_dtypes] Enforcing numeric and categorical-friendly dtypes.
[basic_cleaning] Normalizing obvious empty strings and trimming whitespace.
[enforce_dtypes] Enforcing numeric and categorical-friendly dtypes.
[build_group_features_with_combined_ids] Building GroupSize from combined train/test PassengerId structure.
[split_passenger_id_features] Splitting PassengerId into group features.
[split_passenger_id_features] Splitting PassengerId into group features.
[split_cabin_features] Splitting Cabin into deck/number/side.
[split_cabin_features] Splitting Cabin into deck/number/side.
[extract_name_features] Extracting surname tokens from Name.
[extract_name_features] Extracting surname tokens from Name.
[create_missing_indicators] Creating missing-value indicator columns.
[create_missing_indicators] Creating missing-value indicator columns.
[fill_group_consistent_categories] Filling group-consistent columns: ['HomePlanet', 'VIP', 'Destination']
[fill_group_consistent_categories] Filling group-consistent columns: ['HomePlanet', 'VIP', 'Destination']
[infer_missing_cryosleep] Applying rule-based CryoSleep inference.
[infer_missing_cryosleep] Applying rule-based CryoSleep inference.
[apply_cryosleep_spend_rule] Forcing spend columns to zero when CryoSleep is True.
[apply_cryosleep_spend_rule] Forcing spend columns to zero when CryoSleep is True.
[fit_common_statistics] Fitting train-only statistics for Age, SurnameFreq, spend, and CabinNumBin.
[apply_common_statistics] Applying train-fit statistics and deterministic fills.
[_apply_spend_imputation] Filling spend columns with hierarchical medians and fallbacks.
[apply_common_statistics] Applying train-fit statistics and deterministic fills.
[_apply_spend_imputation] Filling spend columns with hierarchical medians and fallbacks.
[create_spend_features] Building TotalSpend, IsZeroSpend, and SpendCount.
[create_spend_features] Building TotalSpend, IsZeroSpend, and SpendCount.
[create_age_features] Building age segment features.
[create_age_features] Building age segment features.
[create_spend_structure_features] Building spend structure features.
[create_spend_structure_features] Building spend structure features.
[create_group_structure_features] Building group structure features.
[create_group_structure_features] Building group structure features.
[create_interaction_categorical_features] Building interaction categorical features.
[create_interaction_categorical_features] Building interaction categorical features.
[create_catboost_group_features] Building CatBoost-specific group features.
[create_catboost_cabin_features] Building CatBoost-specific cabin features.
[create_catboost_spend_features] Building CatBoost-specific spend features.
[create_catboost_surname_features] Building CatBoost-specific surname features.
[create_catboost_group_features] Building CatBoost-specific group features.
[create_catboost_cabin_features] Building CatBoost-specific cabin features.
[create_catboost_spend_features] Building CatBoost-specific spend features.
[create_catboost_surname_features] Building CatBoost-specific surname features.
[finalize_common_frame] Finalizing common frame for train.
[finalize_common_frame] Finalizing common frame for test.
[build_preprocessing_quality_report] Building preprocessing quality report.
[build_common_features] Shared preprocessing pipeline completed.
[get_feature_sets_for_lr] Selecting Logistic Regression feature columns.
[preprocess_for_logistic_regression] Applying log1p, scaling, and one-hot encoding.
[save_preprocessed_bundle] Saving logistic_regression bundle to: /Users/shenyijie/Desktop/MLWP project/group3/reproduction/work/catboost_project_cv_project/processed/logistic_regression/preprocessed_logistic_regression.joblib
[get_feature_sets_for_rf] Selecting Random Forest feature columns.
[preprocess_for_random_forest] Applying one-hot encoding without scaling.
[save_preprocessed_bundle] Saving random_forest bundle to: /Users/shenyijie/Desktop/MLWP project/group3/reproduction/work/catboost_project_cv_project/processed/random_forest/preprocessed_random_forest.joblib
[get_feature_sets_for_xgb] Selecting XGBoost feature columns.
[preprocess_for_xgboost] Applying log1p and one-hot encoding without scaling.
[save_preprocessed_bundle] Saving xgboost bundle to: /Users/shenyijie/Desktop/MLWP project/group3/reproduction/work/catboost_project_cv_project/processed/xgboost/preprocessed_xgboost.joblib
[get_feature_sets_for_lgbm] Selecting LightGBM feature columns.
[preprocess_for_lightgbm] Preserving a native tabular DataFrame with category dtypes.
[save_preprocessed_bundle] Saving lightgbm bundle to: /Users/shenyijie/Desktop/MLWP project/group3/reproduction/work/catboost_project_cv_project/processed/lightgbm/preprocessed_lightgbm.joblib
[get_feature_sets_for_cat] Selecting CatBoost feature columns.
[preprocess_for_catboost] Preserving native string categorical features for CatBoost.
[save_preprocessed_bundle] Saving catboost bundle to: /Users/shenyijie/Desktop/MLWP project/group3/reproduction/work/catboost_project_cv_project/processed/catboost/preprocessed_catboost.joblib
[save_preprocessed_bundle] Saving common bundle to: /Users/shenyijie/Desktop/MLWP project/group3/reproduction/work/catboost_project_cv_project/processed/common/preprocessed_common.joblib
[run_all_preprocessing] Completed preprocessing for all configured model branches.
[catboost] Training CatBoostClassifier with config: {'loss_function': 'Logloss', 'eval_metric': 'Accuracy', 'iterations': 2000, 'learning_rate': 0.03, 'depth': 6, 'l2_leaf_reg': 5.0, 'random_seed': 42, 'verbose': 100, 'allow_writing_files': False, 'thread_count': -1}
0:	learn: 0.7756816	total: 7.42ms	remaining: 14.8s
100:	learn: 0.8142183	total: 778ms	remaining: 14.6s
200:	learn: 0.8257218	total: 1.48s	remaining: 13.3s
300:	learn: 0.8357299	total: 2.1s	remaining: 11.9s
400:	learn: 0.8447026	total: 2.76s	remaining: 11s
500:	learn: 0.8536754	total: 3.41s	remaining: 10.2s
600:	learn: 0.8616128	total: 4.07s	remaining: 9.47s
700:	learn: 0.8681698	total: 4.75s	remaining: 8.81s
800:	learn: 0.8725411	total: 5.48s	remaining: 8.2s
900:	learn: 0.8786380	total: 6.23s	remaining: 7.6s
1000:	learn: 0.8830093	total: 7.08s	remaining: 7.06s
1100:	learn: 0.8865754	total: 7.85s	remaining: 6.41s
1200:	learn: 0.8927873	total: 8.7s	remaining: 5.79s
1300:	learn: 0.8977338	total: 9.41s	remaining: 5.05s
1400:	learn: 0.9019901	total: 10.1s	remaining: 4.32s
1500:	learn: 0.9067065	total: 10.9s	remaining: 3.64s
1600:	learn: 0.9102726	total: 11.9s	remaining: 2.96s
1700:	learn: 0.9140688	total: 12.8s	remaining: 2.25s
1800:	learn: 0.9180950	total: 13.6s	remaining: 1.5s
1900:	learn: 0.9205108	total: 14.4s	remaining: 752ms
1999:	learn: 0.9244219	total: 15.2s	remaining: 0us
[catboost] Saved artifacts to: /Users/shenyijie/Desktop/MLWP project/group3/reproduction/outputs/catboost_project_cv/artifacts/train/catboost/train_001
[catboost] Saved artifacts to: /Users/shenyijie/Desktop/MLWP project/group3/reproduction/outputs/catboost_project_cv/artifacts/catboost
[catboost] Saved submission to: /Users/shenyijie/Desktop/MLWP project/group3/reproduction/outputs/catboost_project_cv/submissions/submission_catboost.csv
/Users/shenyijie/Desktop/MLWP project/group3/reproduction/outputs/catboost_project_cv/CATBOOST_PROJECT_CV_SUMMARY.md
