[extended] Running Logistic Regression 3-fold candidate evidence...
[basic_cleaning] Normalizing obvious empty strings and trimming whitespace.
[enforce_dtypes] Enforcing numeric and categorical-friendly dtypes.
[basic_cleaning] Normalizing obvious empty strings and trimming whitespace.
[enforce_dtypes] Enforcing numeric and categorical-friendly dtypes.
[split_passenger_id_features] Splitting PassengerId into group features.
[split_passenger_id_features] Splitting PassengerId into group features.
[split_cabin_features] Splitting Cabin into deck/number/side.
[split_cabin_features] Splitting Cabin into deck/number/side.
[extract_name_features] Extracting surname tokens from Name.
[extract_name_features] Extracting surname tokens from Name.
[create_missing_indicators] Creating missing-value indicator columns.
[create_missing_indicators] Creating missing-value indicator columns.
[infer_missing_cryosleep] Applying rule-based CryoSleep inference.
[infer_missing_cryosleep] Applying rule-based CryoSleep inference.
[apply_cryosleep_spend_rule] Forcing spend columns to zero when CryoSleep is True.
[apply_cryosleep_spend_rule] Forcing spend columns to zero when CryoSleep is True.
[fit_common_statistics] Fitting train-only statistics for Age, SurnameFreq, spend, and CabinNumBin.
[apply_common_statistics] Applying train-fit statistics and deterministic fills.
[_apply_spend_imputation] Filling spend columns with hierarchical medians and fallbacks.
[apply_common_statistics] Applying train-fit statistics and deterministic fills.
[_apply_spend_imputation] Filling spend columns with hierarchical medians and fallbacks.
[create_spend_features] Building TotalSpend, IsZeroSpend, and SpendCount.
[create_age_features] Building age segment features.
[create_spend_structure_features] Building spend structure features.
[create_group_structure_features] Building group structure features.
[create_interaction_categorical_features] Building interaction categorical features.
[create_catboost_group_features] Building CatBoost-specific group features.
[create_catboost_cabin_features] Building CatBoost-specific cabin features.
[create_catboost_spend_features] Building CatBoost-specific spend features.
[create_catboost_surname_features] Building CatBoost-specific surname features.
[finalize_common_frame] Finalizing common frame for fold_train.
[create_spend_features] Building TotalSpend, IsZeroSpend, and SpendCount.
[create_age_features] Building age segment features.
[create_spend_structure_features] Building spend structure features.
[create_group_structure_features] Building group structure features.
[create_interaction_categorical_features] Building interaction categorical features.
[create_catboost_group_features] Building CatBoost-specific group features.
[create_catboost_cabin_features] Building CatBoost-specific cabin features.
[create_catboost_spend_features] Building CatBoost-specific spend features.
[create_catboost_surname_features] Building CatBoost-specific surname features.
[finalize_common_frame] Finalizing common frame for fold_apply.
[basic_cleaning] Normalizing obvious empty strings and trimming whitespace.
[enforce_dtypes] Enforcing numeric and categorical-friendly dtypes.
[basic_cleaning] Normalizing obvious empty strings and trimming whitespace.
[enforce_dtypes] Enforcing numeric and categorical-friendly dtypes.
[split_passenger_id_features] Splitting PassengerId into group features.
[split_passenger_id_features] Splitting PassengerId into group features.
[split_cabin_features] Splitting Cabin into deck/number/side.
[split_cabin_features] Splitting Cabin into deck/number/side.
[extract_name_features] Extracting surname tokens from Name.
[extract_name_features] Extracting surname tokens from Name.
[create_missing_indicators] Creating missing-value indicator columns.
[create_missing_indicators] Creating missing-value indicator columns.
[infer_missing_cryosleep] Applying rule-based CryoSleep inference.
[infer_missing_cryosleep] Applying rule-based CryoSleep inference.
[apply_cryosleep_spend_rule] Forcing spend columns to zero when CryoSleep is True.
[apply_cryosleep_spend_rule] Forcing spend columns to zero when CryoSleep is True.
[fit_common_statistics] Fitting train-only statistics for Age, SurnameFreq, spend, and CabinNumBin.
[apply_common_statistics] Applying train-fit statistics and deterministic fills.
[_apply_spend_imputation] Filling spend columns with hierarchical medians and fallbacks.
[apply_common_statistics] Applying train-fit statistics and deterministic fills.
[_apply_spend_imputation] Filling spend columns with hierarchical medians and fallbacks.
[create_spend_features] Building TotalSpend, IsZeroSpend, and SpendCount.
[create_age_features] Building age segment features.
[create_spend_structure_features] Building spend structure features.
[create_group_structure_features] Building group structure features.
[create_interaction_categorical_features] Building interaction categorical features.
[create_catboost_group_features] Building CatBoost-specific group features.
[create_catboost_cabin_features] Building CatBoost-specific cabin features.
[create_catboost_spend_features] Building CatBoost-specific spend features.
[create_catboost_surname_features] Building CatBoost-specific surname features.
[finalize_common_frame] Finalizing common frame for fold_train.
[create_spend_features] Building TotalSpend, IsZeroSpend, and SpendCount.
[create_age_features] Building age segment features.
[create_spend_structure_features] Building spend structure features.
[create_group_structure_features] Building group structure features.
[create_interaction_categorical_features] Building interaction categorical features.
[create_catboost_group_features] Building CatBoost-specific group features.
[create_catboost_cabin_features] Building CatBoost-specific cabin features.
[create_catboost_spend_features] Building CatBoost-specific spend features.
[create_catboost_surname_features] Building CatBoost-specific surname features.
[finalize_common_frame] Finalizing common frame for fold_apply.
[get_feature_sets_for_lr] Selecting Logistic Regression feature columns.
[preprocess_for_logistic_regression] Applying log1p, scaling, and one-hot encoding.
[basic_cleaning] Normalizing obvious empty strings and trimming whitespace.
[enforce_dtypes] Enforcing numeric and categorical-friendly dtypes.
[basic_cleaning] Normalizing obvious empty strings and trimming whitespace.
[enforce_dtypes] Enforcing numeric and categorical-friendly dtypes.
[split_passenger_id_features] Splitting PassengerId into group features.
[split_passenger_id_features] Splitting PassengerId into group features.
[split_cabin_features] Splitting Cabin into deck/number/side.
[split_cabin_features] Splitting Cabin into deck/number/side.
[extract_name_features] Extracting surname tokens from Name.
[extract_name_features] Extracting surname tokens from Name.
[create_missing_indicators] Creating missing-value indicator columns.
[create_missing_indicators] Creating missing-value indicator columns.
[infer_missing_cryosleep] Applying rule-based CryoSleep inference.
[infer_missing_cryosleep] Applying rule-based CryoSleep inference.
[apply_cryosleep_spend_rule] Forcing spend columns to zero when CryoSleep is True.
[apply_cryosleep_spend_rule] Forcing spend columns to zero when CryoSleep is True.
[fit_common_statistics] Fitting train-only statistics for Age, SurnameFreq, spend, and CabinNumBin.
[apply_common_statistics] Applying train-fit statistics and deterministic fills.
[_apply_spend_imputation] Filling spend columns with hierarchical medians and fallbacks.
[apply_common_statistics] Applying train-fit statistics and deterministic fills.
[_apply_spend_imputation] Filling spend columns with hierarchical medians and fallbacks.
[create_spend_features] Building TotalSpend, IsZeroSpend, and SpendCount.
[create_age_features] Building age segment features.
[create_spend_structure_features] Building spend structure features.
[create_group_structure_features] Building group structure features.
[create_interaction_categorical_features] Building interaction categorical features.
[create_catboost_group_features] Building CatBoost-specific group features.
[create_catboost_cabin_features] Building CatBoost-specific cabin features.
[create_catboost_spend_features] Building CatBoost-specific spend features.
[create_catboost_surname_features] Building CatBoost-specific surname features.
[finalize_common_frame] Finalizing common frame for fold_train.
[create_spend_features] Building TotalSpend, IsZeroSpend, and SpendCount.
[create_age_features] Building age segment features.
[create_spend_structure_features] Building spend structure features.
[create_group_structure_features] Building group structure features.
[create_interaction_categorical_features] Building interaction categorical features.
[create_catboost_group_features] Building CatBoost-specific group features.
[create_catboost_cabin_features] Building CatBoost-specific cabin features.
[create_catboost_spend_features] Building CatBoost-specific spend features.
[create_catboost_surname_features] Building CatBoost-specific surname features.
[finalize_common_frame] Finalizing common frame for fold_apply.
[basic_cleaning] Normalizing obvious empty strings and trimming whitespace.
[enforce_dtypes] Enforcing numeric and categorical-friendly dtypes.
[basic_cleaning] Normalizing obvious empty strings and trimming whitespace.
[enforce_dtypes] Enforcing numeric and categorical-friendly dtypes.
[split_passenger_id_features] Splitting PassengerId into group features.
[split_passenger_id_features] Splitting PassengerId into group features.
[split_cabin_features] Splitting Cabin into deck/number/side.
[split_cabin_features] Splitting Cabin into deck/number/side.
[extract_name_features] Extracting surname tokens from Name.
[extract_name_features] Extracting surname tokens from Name.
[create_missing_indicators] Creating missing-value indicator columns.
[create_missing_indicators] Creating missing-value indicator columns.
[infer_missing_cryosleep] Applying rule-based CryoSleep inference.
[infer_missing_cryosleep] Applying rule-based CryoSleep inference.
[apply_cryosleep_spend_rule] Forcing spend columns to zero when CryoSleep is True.
[apply_cryosleep_spend_rule] Forcing spend columns to zero when CryoSleep is True.
[fit_common_statistics] Fitting train-only statistics for Age, SurnameFreq, spend, and CabinNumBin.
[apply_common_statistics] Applying train-fit statistics and deterministic fills.
[_apply_spend_imputation] Filling spend columns with hierarchical medians and fallbacks.
[apply_common_statistics] Applying train-fit statistics and deterministic fills.
[_apply_spend_imputation] Filling spend columns with hierarchical medians and fallbacks.
[create_spend_features] Building TotalSpend, IsZeroSpend, and SpendCount.
[create_age_features] Building age segment features.
[create_spend_structure_features] Building spend structure features.
[create_group_structure_features] Building group structure features.
[create_interaction_categorical_features] Building interaction categorical features.
[create_catboost_group_features] Building CatBoost-specific group features.
[create_catboost_cabin_features] Building CatBoost-specific cabin features.
[create_catboost_spend_features] Building CatBoost-specific spend features.
[create_catboost_surname_features] Building CatBoost-specific surname features.
[finalize_common_frame] Finalizing common frame for fold_train.
[create_spend_features] Building TotalSpend, IsZeroSpend, and SpendCount.
[create_age_features] Building age segment features.
[create_spend_structure_features] Building spend structure features.
[create_group_structure_features] Building group structure features.
[create_interaction_categorical_features] Building interaction categorical features.
[create_catboost_group_features] Building CatBoost-specific group features.
[create_catboost_cabin_features] Building CatBoost-specific cabin features.
[create_catboost_spend_features] Building CatBoost-specific spend features.
[create_catboost_surname_features] Building CatBoost-specific surname features.
[finalize_common_frame] Finalizing common frame for fold_apply.
[get_feature_sets_for_lr] Selecting Logistic Regression feature columns.
[preprocess_for_logistic_regression] Applying log1p, scaling, and one-hot encoding.
[basic_cleaning] Normalizing obvious empty strings and trimming whitespace.
[enforce_dtypes] Enforcing numeric and categorical-friendly dtypes.
[basic_cleaning] Normalizing obvious empty strings and trimming whitespace.
[enforce_dtypes] Enforcing numeric and categorical-friendly dtypes.
[split_passenger_id_features] Splitting PassengerId into group features.
[split_passenger_id_features] Splitting PassengerId into group features.
[split_cabin_features] Splitting Cabin into deck/number/side.
[split_cabin_features] Splitting Cabin into deck/number/side.
[extract_name_features] Extracting surname tokens from Name.
[extract_name_features] Extracting surname tokens from Name.
[create_missing_indicators] Creating missing-value indicator columns.
[create_missing_indicators] Creating missing-value indicator columns.
[infer_missing_cryosleep] Applying rule-based CryoSleep inference.
[infer_missing_cryosleep] Applying rule-based CryoSleep inference.
[apply_cryosleep_spend_rule] Forcing spend columns to zero when CryoSleep is True.
[apply_cryosleep_spend_rule] Forcing spend columns to zero when CryoSleep is True.
[fit_common_statistics] Fitting train-only statistics for Age, SurnameFreq, spend, and CabinNumBin.
[apply_common_statistics] Applying train-fit statistics and deterministic fills.
[_apply_spend_imputation] Filling spend columns with hierarchical medians and fallbacks.
[apply_common_statistics] Applying train-fit statistics and deterministic fills.
[_apply_spend_imputation] Filling spend columns with hierarchical medians and fallbacks.
[create_spend_features] Building TotalSpend, IsZeroSpend, and SpendCount.
[create_age_features] Building age segment features.
[create_spend_structure_features] Building spend structure features.
[create_group_structure_features] Building group structure features.
[create_interaction_categorical_features] Building interaction categorical features.
[create_catboost_group_features] Building CatBoost-specific group features.
[create_catboost_cabin_features] Building CatBoost-specific cabin features.
[create_catboost_spend_features] Building CatBoost-specific spend features.
[create_catboost_surname_features] Building CatBoost-specific surname features.
[finalize_common_frame] Finalizing common frame for fold_train.
[create_spend_features] Building TotalSpend, IsZeroSpend, and SpendCount.
[create_age_features] Building age segment features.
[create_spend_structure_features] Building spend structure features.
[create_group_structure_features] Building group structure features.
[create_interaction_categorical_features] Building interaction categorical features.
[create_catboost_group_features] Building CatBoost-specific group features.
[create_catboost_cabin_features] Building CatBoost-specific cabin features.
[create_catboost_spend_features] Building CatBoost-specific spend features.
[create_catboost_surname_features] Building CatBoost-specific surname features.
[finalize_common_frame] Finalizing common frame for fold_apply.
[basic_cleaning] Normalizing obvious empty strings and trimming whitespace.
[enforce_dtypes] Enforcing numeric and categorical-friendly dtypes.
[basic_cleaning] Normalizing obvious empty strings and trimming whitespace.
[enforce_dtypes] Enforcing numeric and categorical-friendly dtypes.
[split_passenger_id_features] Splitting PassengerId into group features.
[split_passenger_id_features] Splitting PassengerId into group features.
[split_cabin_features] Splitting Cabin into deck/number/side.
[split_cabin_features] Splitting Cabin into deck/number/side.
[extract_name_features] Extracting surname tokens from Name.
[extract_name_features] Extracting surname tokens from Name.
[create_missing_indicators] Creating missing-value indicator columns.
[create_missing_indicators] Creating missing-value indicator columns.
[infer_missing_cryosleep] Applying rule-based CryoSleep inference.
[infer_missing_cryosleep] Applying rule-based CryoSleep inference.
[apply_cryosleep_spend_rule] Forcing spend columns to zero when CryoSleep is True.
[apply_cryosleep_spend_rule] Forcing spend columns to zero when CryoSleep is True.
[fit_common_statistics] Fitting train-only statistics for Age, SurnameFreq, spend, and CabinNumBin.
[apply_common_statistics] Applying train-fit statistics and deterministic fills.
[_apply_spend_imputation] Filling spend columns with hierarchical medians and fallbacks.
[apply_common_statistics] Applying train-fit statistics and deterministic fills.
[_apply_spend_imputation] Filling spend columns with hierarchical medians and fallbacks.
[create_spend_features] Building TotalSpend, IsZeroSpend, and SpendCount.
[create_age_features] Building age segment features.
[create_spend_structure_features] Building spend structure features.
[create_group_structure_features] Building group structure features.
[create_interaction_categorical_features] Building interaction categorical features.
[create_catboost_group_features] Building CatBoost-specific group features.
[create_catboost_cabin_features] Building CatBoost-specific cabin features.
[create_catboost_spend_features] Building CatBoost-specific spend features.
[create_catboost_surname_features] Building CatBoost-specific surname features.
[finalize_common_frame] Finalizing common frame for fold_train.
[create_spend_features] Building TotalSpend, IsZeroSpend, and SpendCount.
[create_age_features] Building age segment features.
[create_spend_structure_features] Building spend structure features.
[create_group_structure_features] Building group structure features.
[create_interaction_categorical_features] Building interaction categorical features.
[create_catboost_group_features] Building CatBoost-specific group features.
[create_catboost_cabin_features] Building CatBoost-specific cabin features.
[create_catboost_spend_features] Building CatBoost-specific spend features.
[create_catboost_surname_features] Building CatBoost-specific surname features.
[finalize_common_frame] Finalizing common frame for fold_apply.
[get_feature_sets_for_lr] Selecting Logistic Regression feature columns.
[preprocess_for_logistic_regression] Applying log1p, scaling, and one-hot encoding.
[extended] Logistic Regression lr_C0.01: 0.789486
[extended] Logistic Regression lr_C0.1: 0.789945
[extended] Logistic Regression lr_C1.0: 0.788335
[extended] Logistic Regression lr_C3.0: 0.788335
[extended] Logistic Regression lr_C10.0: 0.787990
[extended] Running Random Forest 3-fold candidate evidence...
[basic_cleaning] Normalizing obvious empty strings and trimming whitespace.
[enforce_dtypes] Enforcing numeric and categorical-friendly dtypes.
[basic_cleaning] Normalizing obvious empty strings and trimming whitespace.
[enforce_dtypes] Enforcing numeric and categorical-friendly dtypes.
[split_passenger_id_features] Splitting PassengerId into group features.
[split_passenger_id_features] Splitting PassengerId into group features.
[split_cabin_features] Splitting Cabin into deck/number/side.
[split_cabin_features] Splitting Cabin into deck/number/side.
[extract_name_features] Extracting surname tokens from Name.
[extract_name_features] Extracting surname tokens from Name.
[create_missing_indicators] Creating missing-value indicator columns.
[create_missing_indicators] Creating missing-value indicator columns.
[infer_missing_cryosleep] Applying rule-based CryoSleep inference.
[infer_missing_cryosleep] Applying rule-based CryoSleep inference.
[apply_cryosleep_spend_rule] Forcing spend columns to zero when CryoSleep is True.
[apply_cryosleep_spend_rule] Forcing spend columns to zero when CryoSleep is True.
[fit_common_statistics] Fitting train-only statistics for Age, SurnameFreq, spend, and CabinNumBin.
[apply_common_statistics] Applying train-fit statistics and deterministic fills.
[_apply_spend_imputation] Filling spend columns with hierarchical medians and fallbacks.
[apply_common_statistics] Applying train-fit statistics and deterministic fills.
[_apply_spend_imputation] Filling spend columns with hierarchical medians and fallbacks.
[create_spend_features] Building TotalSpend, IsZeroSpend, and SpendCount.
[create_age_features] Building age segment features.
[create_spend_structure_features] Building spend structure features.
[create_group_structure_features] Building group structure features.
[create_interaction_categorical_features] Building interaction categorical features.
[create_catboost_group_features] Building CatBoost-specific group features.
[create_catboost_cabin_features] Building CatBoost-specific cabin features.
[create_catboost_spend_features] Building CatBoost-specific spend features.
[create_catboost_surname_features] Building CatBoost-specific surname features.
[finalize_common_frame] Finalizing common frame for fold_train.
[create_spend_features] Building TotalSpend, IsZeroSpend, and SpendCount.
[create_age_features] Building age segment features.
[create_spend_structure_features] Building spend structure features.
[create_group_structure_features] Building group structure features.
[create_interaction_categorical_features] Building interaction categorical features.
[create_catboost_group_features] Building CatBoost-specific group features.
[create_catboost_cabin_features] Building CatBoost-specific cabin features.
[create_catboost_spend_features] Building CatBoost-specific spend features.
[create_catboost_surname_features] Building CatBoost-specific surname features.
[finalize_common_frame] Finalizing common frame for fold_apply.
[basic_cleaning] Normalizing obvious empty strings and trimming whitespace.
[enforce_dtypes] Enforcing numeric and categorical-friendly dtypes.
[basic_cleaning] Normalizing obvious empty strings and trimming whitespace.
[enforce_dtypes] Enforcing numeric and categorical-friendly dtypes.
[split_passenger_id_features] Splitting PassengerId into group features.
[split_passenger_id_features] Splitting PassengerId into group features.
[split_cabin_features] Splitting Cabin into deck/number/side.
[split_cabin_features] Splitting Cabin into deck/number/side.
[extract_name_features] Extracting surname tokens from Name.
[extract_name_features] Extracting surname tokens from Name.
[create_missing_indicators] Creating missing-value indicator columns.
[create_missing_indicators] Creating missing-value indicator columns.
[infer_missing_cryosleep] Applying rule-based CryoSleep inference.
[infer_missing_cryosleep] Applying rule-based CryoSleep inference.
[apply_cryosleep_spend_rule] Forcing spend columns to zero when CryoSleep is True.
[apply_cryosleep_spend_rule] Forcing spend columns to zero when CryoSleep is True.
[fit_common_statistics] Fitting train-only statistics for Age, SurnameFreq, spend, and CabinNumBin.
[apply_common_statistics] Applying train-fit statistics and deterministic fills.
[_apply_spend_imputation] Filling spend columns with hierarchical medians and fallbacks.
[apply_common_statistics] Applying train-fit statistics and deterministic fills.
[_apply_spend_imputation] Filling spend columns with hierarchical medians and fallbacks.
[create_spend_features] Building TotalSpend, IsZeroSpend, and SpendCount.
[create_age_features] Building age segment features.
[create_spend_structure_features] Building spend structure features.
[create_group_structure_features] Building group structure features.
[create_interaction_categorical_features] Building interaction categorical features.
[create_catboost_group_features] Building CatBoost-specific group features.
[create_catboost_cabin_features] Building CatBoost-specific cabin features.
[create_catboost_spend_features] Building CatBoost-specific spend features.
[create_catboost_surname_features] Building CatBoost-specific surname features.
[finalize_common_frame] Finalizing common frame for fold_train.
[create_spend_features] Building TotalSpend, IsZeroSpend, and SpendCount.
[create_age_features] Building age segment features.
[create_spend_structure_features] Building spend structure features.
[create_group_structure_features] Building group structure features.
[create_interaction_categorical_features] Building interaction categorical features.
[create_catboost_group_features] Building CatBoost-specific group features.
[create_catboost_cabin_features] Building CatBoost-specific cabin features.
[create_catboost_spend_features] Building CatBoost-specific spend features.
[create_catboost_surname_features] Building CatBoost-specific surname features.
[finalize_common_frame] Finalizing common frame for fold_apply.
[get_feature_sets_for_rf] Selecting Random Forest feature columns.
[preprocess_for_random_forest] Applying one-hot encoding without scaling.
[basic_cleaning] Normalizing obvious empty strings and trimming whitespace.
[enforce_dtypes] Enforcing numeric and categorical-friendly dtypes.
[basic_cleaning] Normalizing obvious empty strings and trimming whitespace.
[enforce_dtypes] Enforcing numeric and categorical-friendly dtypes.
[split_passenger_id_features] Splitting PassengerId into group features.
[split_passenger_id_features] Splitting PassengerId into group features.
[split_cabin_features] Splitting Cabin into deck/number/side.
[split_cabin_features] Splitting Cabin into deck/number/side.
[extract_name_features] Extracting surname tokens from Name.
[extract_name_features] Extracting surname tokens from Name.
[create_missing_indicators] Creating missing-value indicator columns.
[create_missing_indicators] Creating missing-value indicator columns.
[infer_missing_cryosleep] Applying rule-based CryoSleep inference.
[infer_missing_cryosleep] Applying rule-based CryoSleep inference.
[apply_cryosleep_spend_rule] Forcing spend columns to zero when CryoSleep is True.
[apply_cryosleep_spend_rule] Forcing spend columns to zero when CryoSleep is True.
[fit_common_statistics] Fitting train-only statistics for Age, SurnameFreq, spend, and CabinNumBin.
[apply_common_statistics] Applying train-fit statistics and deterministic fills.
[_apply_spend_imputation] Filling spend columns with hierarchical medians and fallbacks.
[apply_common_statistics] Applying train-fit statistics and deterministic fills.
[_apply_spend_imputation] Filling spend columns with hierarchical medians and fallbacks.
[create_spend_features] Building TotalSpend, IsZeroSpend, and SpendCount.
[create_age_features] Building age segment features.
[create_spend_structure_features] Building spend structure features.
[create_group_structure_features] Building group structure features.
[create_interaction_categorical_features] Building interaction categorical features.
[create_catboost_group_features] Building CatBoost-specific group features.
[create_catboost_cabin_features] Building CatBoost-specific cabin features.
[create_catboost_spend_features] Building CatBoost-specific spend features.
[create_catboost_surname_features] Building CatBoost-specific surname features.
[finalize_common_frame] Finalizing common frame for fold_train.
[create_spend_features] Building TotalSpend, IsZeroSpend, and SpendCount.
[create_age_features] Building age segment features.
[create_spend_structure_features] Building spend structure features.
[create_group_structure_features] Building group structure features.
[create_interaction_categorical_features] Building interaction categorical features.
[create_catboost_group_features] Building CatBoost-specific group features.
[create_catboost_cabin_features] Building CatBoost-specific cabin features.
[create_catboost_spend_features] Building CatBoost-specific spend features.
[create_catboost_surname_features] Building CatBoost-specific surname features.
[finalize_common_frame] Finalizing common frame for fold_apply.
[basic_cleaning] Normalizing obvious empty strings and trimming whitespace.
[enforce_dtypes] Enforcing numeric and categorical-friendly dtypes.
[basic_cleaning] Normalizing obvious empty strings and trimming whitespace.
[enforce_dtypes] Enforcing numeric and categorical-friendly dtypes.
[split_passenger_id_features] Splitting PassengerId into group features.
[split_passenger_id_features] Splitting PassengerId into group features.
[split_cabin_features] Splitting Cabin into deck/number/side.
[split_cabin_features] Splitting Cabin into deck/number/side.
[extract_name_features] Extracting surname tokens from Name.
[extract_name_features] Extracting surname tokens from Name.
[create_missing_indicators] Creating missing-value indicator columns.
[create_missing_indicators] Creating missing-value indicator columns.
[infer_missing_cryosleep] Applying rule-based CryoSleep inference.
[infer_missing_cryosleep] Applying rule-based CryoSleep inference.
[apply_cryosleep_spend_rule] Forcing spend columns to zero when CryoSleep is True.
[apply_cryosleep_spend_rule] Forcing spend columns to zero when CryoSleep is True.
[fit_common_statistics] Fitting train-only statistics for Age, SurnameFreq, spend, and CabinNumBin.
[apply_common_statistics] Applying train-fit statistics and deterministic fills.
[_apply_spend_imputation] Filling spend columns with hierarchical medians and fallbacks.
[apply_common_statistics] Applying train-fit statistics and deterministic fills.
[_apply_spend_imputation] Filling spend columns with hierarchical medians and fallbacks.
[create_spend_features] Building TotalSpend, IsZeroSpend, and SpendCount.
[create_age_features] Building age segment features.
[create_spend_structure_features] Building spend structure features.
[create_group_structure_features] Building group structure features.
[create_interaction_categorical_features] Building interaction categorical features.
[create_catboost_group_features] Building CatBoost-specific group features.
[create_catboost_cabin_features] Building CatBoost-specific cabin features.
[create_catboost_spend_features] Building CatBoost-specific spend features.
[create_catboost_surname_features] Building CatBoost-specific surname features.
[finalize_common_frame] Finalizing common frame for fold_train.
[create_spend_features] Building TotalSpend, IsZeroSpend, and SpendCount.
[create_age_features] Building age segment features.
[create_spend_structure_features] Building spend structure features.
[create_group_structure_features] Building group structure features.
[create_interaction_categorical_features] Building interaction categorical features.
[create_catboost_group_features] Building CatBoost-specific group features.
[create_catboost_cabin_features] Building CatBoost-specific cabin features.
[create_catboost_spend_features] Building CatBoost-specific spend features.
[create_catboost_surname_features] Building CatBoost-specific surname features.
[finalize_common_frame] Finalizing common frame for fold_apply.
[get_feature_sets_for_rf] Selecting Random Forest feature columns.
[preprocess_for_random_forest] Applying one-hot encoding without scaling.
[basic_cleaning] Normalizing obvious empty strings and trimming whitespace.
[enforce_dtypes] Enforcing numeric and categorical-friendly dtypes.
[basic_cleaning] Normalizing obvious empty strings and trimming whitespace.
[enforce_dtypes] Enforcing numeric and categorical-friendly dtypes.
[split_passenger_id_features] Splitting PassengerId into group features.
[split_passenger_id_features] Splitting PassengerId into group features.
[split_cabin_features] Splitting Cabin into deck/number/side.
[split_cabin_features] Splitting Cabin into deck/number/side.
[extract_name_features] Extracting surname tokens from Name.
[extract_name_features] Extracting surname tokens from Name.
[create_missing_indicators] Creating missing-value indicator columns.
[create_missing_indicators] Creating missing-value indicator columns.
[infer_missing_cryosleep] Applying rule-based CryoSleep inference.
[infer_missing_cryosleep] Applying rule-based CryoSleep inference.
[apply_cryosleep_spend_rule] Forcing spend columns to zero when CryoSleep is True.
[apply_cryosleep_spend_rule] Forcing spend columns to zero when CryoSleep is True.
[fit_common_statistics] Fitting train-only statistics for Age, SurnameFreq, spend, and CabinNumBin.
[apply_common_statistics] Applying train-fit statistics and deterministic fills.
[_apply_spend_imputation] Filling spend columns with hierarchical medians and fallbacks.
[apply_common_statistics] Applying train-fit statistics and deterministic fills.
[_apply_spend_imputation] Filling spend columns with hierarchical medians and fallbacks.
[create_spend_features] Building TotalSpend, IsZeroSpend, and SpendCount.
[create_age_features] Building age segment features.
[create_spend_structure_features] Building spend structure features.
[create_group_structure_features] Building group structure features.
[create_interaction_categorical_features] Building interaction categorical features.
[create_catboost_group_features] Building CatBoost-specific group features.
[create_catboost_cabin_features] Building CatBoost-specific cabin features.
[create_catboost_spend_features] Building CatBoost-specific spend features.
[create_catboost_surname_features] Building CatBoost-specific surname features.
[finalize_common_frame] Finalizing common frame for fold_train.
[create_spend_features] Building TotalSpend, IsZeroSpend, and SpendCount.
[create_age_features] Building age segment features.
[create_spend_structure_features] Building spend structure features.
[create_group_structure_features] Building group structure features.
[create_interaction_categorical_features] Building interaction categorical features.
[create_catboost_group_features] Building CatBoost-specific group features.
[create_catboost_cabin_features] Building CatBoost-specific cabin features.
[create_catboost_spend_features] Building CatBoost-specific spend features.
[create_catboost_surname_features] Building CatBoost-specific surname features.
[finalize_common_frame] Finalizing common frame for fold_apply.
[basic_cleaning] Normalizing obvious empty strings and trimming whitespace.
[enforce_dtypes] Enforcing numeric and categorical-friendly dtypes.
[basic_cleaning] Normalizing obvious empty strings and trimming whitespace.
[enforce_dtypes] Enforcing numeric and categorical-friendly dtypes.
[split_passenger_id_features] Splitting PassengerId into group features.
[split_passenger_id_features] Splitting PassengerId into group features.
[split_cabin_features] Splitting Cabin into deck/number/side.
[split_cabin_features] Splitting Cabin into deck/number/side.
[extract_name_features] Extracting surname tokens from Name.
[extract_name_features] Extracting surname tokens from Name.
[create_missing_indicators] Creating missing-value indicator columns.
[create_missing_indicators] Creating missing-value indicator columns.
[infer_missing_cryosleep] Applying rule-based CryoSleep inference.
[infer_missing_cryosleep] Applying rule-based CryoSleep inference.
[apply_cryosleep_spend_rule] Forcing spend columns to zero when CryoSleep is True.
[apply_cryosleep_spend_rule] Forcing spend columns to zero when CryoSleep is True.
[fit_common_statistics] Fitting train-only statistics for Age, SurnameFreq, spend, and CabinNumBin.
[apply_common_statistics] Applying train-fit statistics and deterministic fills.
[_apply_spend_imputation] Filling spend columns with hierarchical medians and fallbacks.
[apply_common_statistics] Applying train-fit statistics and deterministic fills.
[_apply_spend_imputation] Filling spend columns with hierarchical medians and fallbacks.
[create_spend_features] Building TotalSpend, IsZeroSpend, and SpendCount.
[create_age_features] Building age segment features.
[create_spend_structure_features] Building spend structure features.
[create_group_structure_features] Building group structure features.
[create_interaction_categorical_features] Building interaction categorical features.
[create_catboost_group_features] Building CatBoost-specific group features.
[create_catboost_cabin_features] Building CatBoost-specific cabin features.
[create_catboost_spend_features] Building CatBoost-specific spend features.
[create_catboost_surname_features] Building CatBoost-specific surname features.
[finalize_common_frame] Finalizing common frame for fold_train.
[create_spend_features] Building TotalSpend, IsZeroSpend, and SpendCount.
[create_age_features] Building age segment features.
[create_spend_structure_features] Building spend structure features.
[create_group_structure_features] Building group structure features.
[create_interaction_categorical_features] Building interaction categorical features.
[create_catboost_group_features] Building CatBoost-specific group features.
[create_catboost_cabin_features] Building CatBoost-specific cabin features.
[create_catboost_spend_features] Building CatBoost-specific spend features.
[create_catboost_surname_features] Building CatBoost-specific surname features.
[finalize_common_frame] Finalizing common frame for fold_apply.
[get_feature_sets_for_rf] Selecting Random Forest feature columns.
[preprocess_for_random_forest] Applying one-hot encoding without scaling.
[extended] Random Forest rf_report_best: 0.809387
[extended] Random Forest rf_baseline_400: 0.805591
[extended] Random Forest rf_depth16_300: 0.808237
[extended] Random Forest rf_depth20_log2: 0.804095
[extended] Random Forest rf_regularized: 0.805936
[extended] Running CatBoost 3-fold candidate evidence...
[basic_cleaning] Normalizing obvious empty strings and trimming whitespace.
[enforce_dtypes] Enforcing numeric and categorical-friendly dtypes.
[basic_cleaning] Normalizing obvious empty strings and trimming whitespace.
[enforce_dtypes] Enforcing numeric and categorical-friendly dtypes.
[split_passenger_id_features] Splitting PassengerId into group features.
[split_passenger_id_features] Splitting PassengerId into group features.
[split_cabin_features] Splitting Cabin into deck/number/side.
[split_cabin_features] Splitting Cabin into deck/number/side.
[extract_name_features] Extracting surname tokens from Name.
[extract_name_features] Extracting surname tokens from Name.
[create_missing_indicators] Creating missing-value indicator columns.
[create_missing_indicators] Creating missing-value indicator columns.
[infer_missing_cryosleep] Applying rule-based CryoSleep inference.
[infer_missing_cryosleep] Applying rule-based CryoSleep inference.
[apply_cryosleep_spend_rule] Forcing spend columns to zero when CryoSleep is True.
[apply_cryosleep_spend_rule] Forcing spend columns to zero when CryoSleep is True.
[fit_common_statistics] Fitting train-only statistics for Age, SurnameFreq, spend, and CabinNumBin.
[apply_common_statistics] Applying train-fit statistics and deterministic fills.
[_apply_spend_imputation] Filling spend columns with hierarchical medians and fallbacks.
[apply_common_statistics] Applying train-fit statistics and deterministic fills.
[_apply_spend_imputation] Filling spend columns with hierarchical medians and fallbacks.
[create_spend_features] Building TotalSpend, IsZeroSpend, and SpendCount.
[create_age_features] Building age segment features.
[create_spend_structure_features] Building spend structure features.
[create_group_structure_features] Building group structure features.
[create_interaction_categorical_features] Building interaction categorical features.
[create_catboost_group_features] Building CatBoost-specific group features.
[create_catboost_cabin_features] Building CatBoost-specific cabin features.
[create_catboost_spend_features] Building CatBoost-specific spend features.
[create_catboost_surname_features] Building CatBoost-specific surname features.
[finalize_common_frame] Finalizing common frame for fold_train.
[create_spend_features] Building TotalSpend, IsZeroSpend, and SpendCount.
[create_age_features] Building age segment features.
[create_spend_structure_features] Building spend structure features.
[create_group_structure_features] Building group structure features.
[create_interaction_categorical_features] Building interaction categorical features.
[create_catboost_group_features] Building CatBoost-specific group features.
[create_catboost_cabin_features] Building CatBoost-specific cabin features.
[create_catboost_spend_features] Building CatBoost-specific spend features.
[create_catboost_surname_features] Building CatBoost-specific surname features.
[finalize_common_frame] Finalizing common frame for fold_apply.
[basic_cleaning] Normalizing obvious empty strings and trimming whitespace.
[enforce_dtypes] Enforcing numeric and categorical-friendly dtypes.
[basic_cleaning] Normalizing obvious empty strings and trimming whitespace.
[enforce_dtypes] Enforcing numeric and categorical-friendly dtypes.
[split_passenger_id_features] Splitting PassengerId into group features.
[split_passenger_id_features] Splitting PassengerId into group features.
[split_cabin_features] Splitting Cabin into deck/number/side.
[split_cabin_features] Splitting Cabin into deck/number/side.
[extract_name_features] Extracting surname tokens from Name.
[extract_name_features] Extracting surname tokens from Name.
[create_missing_indicators] Creating missing-value indicator columns.
[create_missing_indicators] Creating missing-value indicator columns.
[infer_missing_cryosleep] Applying rule-based CryoSleep inference.
[infer_missing_cryosleep] Applying rule-based CryoSleep inference.
[apply_cryosleep_spend_rule] Forcing spend columns to zero when CryoSleep is True.
[apply_cryosleep_spend_rule] Forcing spend columns to zero when CryoSleep is True.
[fit_common_statistics] Fitting train-only statistics for Age, SurnameFreq, spend, and CabinNumBin.
[apply_common_statistics] Applying train-fit statistics and deterministic fills.
[_apply_spend_imputation] Filling spend columns with hierarchical medians and fallbacks.
[apply_common_statistics] Applying train-fit statistics and deterministic fills.
[_apply_spend_imputation] Filling spend columns with hierarchical medians and fallbacks.
[create_spend_features] Building TotalSpend, IsZeroSpend, and SpendCount.
[create_age_features] Building age segment features.
[create_spend_structure_features] Building spend structure features.
[create_group_structure_features] Building group structure features.
[create_interaction_categorical_features] Building interaction categorical features.
[create_catboost_group_features] Building CatBoost-specific group features.
[create_catboost_cabin_features] Building CatBoost-specific cabin features.
[create_catboost_spend_features] Building CatBoost-specific spend features.
[create_catboost_surname_features] Building CatBoost-specific surname features.
[finalize_common_frame] Finalizing common frame for fold_train.
[create_spend_features] Building TotalSpend, IsZeroSpend, and SpendCount.
[create_age_features] Building age segment features.
[create_spend_structure_features] Building spend structure features.
[create_group_structure_features] Building group structure features.
[create_interaction_categorical_features] Building interaction categorical features.
[create_catboost_group_features] Building CatBoost-specific group features.
[create_catboost_cabin_features] Building CatBoost-specific cabin features.
[create_catboost_spend_features] Building CatBoost-specific spend features.
[create_catboost_surname_features] Building CatBoost-specific surname features.
[finalize_common_frame] Finalizing common frame for fold_apply.
[get_feature_sets_for_cat] Selecting CatBoost feature columns.
[preprocess_for_catboost] Preserving native string categorical features for CatBoost.
[basic_cleaning] Normalizing obvious empty strings and trimming whitespace.
[enforce_dtypes] Enforcing numeric and categorical-friendly dtypes.
[basic_cleaning] Normalizing obvious empty strings and trimming whitespace.
[enforce_dtypes] Enforcing numeric and categorical-friendly dtypes.
[split_passenger_id_features] Splitting PassengerId into group features.
[split_passenger_id_features] Splitting PassengerId into group features.
[split_cabin_features] Splitting Cabin into deck/number/side.
[split_cabin_features] Splitting Cabin into deck/number/side.
[extract_name_features] Extracting surname tokens from Name.
[extract_name_features] Extracting surname tokens from Name.
[create_missing_indicators] Creating missing-value indicator columns.
[create_missing_indicators] Creating missing-value indicator columns.
[infer_missing_cryosleep] Applying rule-based CryoSleep inference.
[infer_missing_cryosleep] Applying rule-based CryoSleep inference.
[apply_cryosleep_spend_rule] Forcing spend columns to zero when CryoSleep is True.
[apply_cryosleep_spend_rule] Forcing spend columns to zero when CryoSleep is True.
[fit_common_statistics] Fitting train-only statistics for Age, SurnameFreq, spend, and CabinNumBin.
[apply_common_statistics] Applying train-fit statistics and deterministic fills.
[_apply_spend_imputation] Filling spend columns with hierarchical medians and fallbacks.
[apply_common_statistics] Applying train-fit statistics and deterministic fills.
[_apply_spend_imputation] Filling spend columns with hierarchical medians and fallbacks.
[create_spend_features] Building TotalSpend, IsZeroSpend, and SpendCount.
[create_age_features] Building age segment features.
[create_spend_structure_features] Building spend structure features.
[create_group_structure_features] Building group structure features.
[create_interaction_categorical_features] Building interaction categorical features.
[create_catboost_group_features] Building CatBoost-specific group features.
[create_catboost_cabin_features] Building CatBoost-specific cabin features.
[create_catboost_spend_features] Building CatBoost-specific spend features.
[create_catboost_surname_features] Building CatBoost-specific surname features.
[finalize_common_frame] Finalizing common frame for fold_train.
[create_spend_features] Building TotalSpend, IsZeroSpend, and SpendCount.
[create_age_features] Building age segment features.
[create_spend_structure_features] Building spend structure features.
[create_group_structure_features] Building group structure features.
[create_interaction_categorical_features] Building interaction categorical features.
[create_catboost_group_features] Building CatBoost-specific group features.
[create_catboost_cabin_features] Building CatBoost-specific cabin features.
[create_catboost_spend_features] Building CatBoost-specific spend features.
[create_catboost_surname_features] Building CatBoost-specific surname features.
[finalize_common_frame] Finalizing common frame for fold_apply.
[basic_cleaning] Normalizing obvious empty strings and trimming whitespace.
[enforce_dtypes] Enforcing numeric and categorical-friendly dtypes.
[basic_cleaning] Normalizing obvious empty strings and trimming whitespace.
[enforce_dtypes] Enforcing numeric and categorical-friendly dtypes.
[split_passenger_id_features] Splitting PassengerId into group features.
[split_passenger_id_features] Splitting PassengerId into group features.
[split_cabin_features] Splitting Cabin into deck/number/side.
[split_cabin_features] Splitting Cabin into deck/number/side.
[extract_name_features] Extracting surname tokens from Name.
[extract_name_features] Extracting surname tokens from Name.
[create_missing_indicators] Creating missing-value indicator columns.
[create_missing_indicators] Creating missing-value indicator columns.
[infer_missing_cryosleep] Applying rule-based CryoSleep inference.
[infer_missing_cryosleep] Applying rule-based CryoSleep inference.
[apply_cryosleep_spend_rule] Forcing spend columns to zero when CryoSleep is True.
[apply_cryosleep_spend_rule] Forcing spend columns to zero when CryoSleep is True.
[fit_common_statistics] Fitting train-only statistics for Age, SurnameFreq, spend, and CabinNumBin.
[apply_common_statistics] Applying train-fit statistics and deterministic fills.
[_apply_spend_imputation] Filling spend columns with hierarchical medians and fallbacks.
[apply_common_statistics] Applying train-fit statistics and deterministic fills.
[_apply_spend_imputation] Filling spend columns with hierarchical medians and fallbacks.
[create_spend_features] Building TotalSpend, IsZeroSpend, and SpendCount.
[create_age_features] Building age segment features.
[create_spend_structure_features] Building spend structure features.
[create_group_structure_features] Building group structure features.
[create_interaction_categorical_features] Building interaction categorical features.
[create_catboost_group_features] Building CatBoost-specific group features.
[create_catboost_cabin_features] Building CatBoost-specific cabin features.
[create_catboost_spend_features] Building CatBoost-specific spend features.
[create_catboost_surname_features] Building CatBoost-specific surname features.
[finalize_common_frame] Finalizing common frame for fold_train.
[create_spend_features] Building TotalSpend, IsZeroSpend, and SpendCount.
[create_age_features] Building age segment features.
[create_spend_structure_features] Building spend structure features.
[create_group_structure_features] Building group structure features.
[create_interaction_categorical_features] Building interaction categorical features.
[create_catboost_group_features] Building CatBoost-specific group features.
[create_catboost_cabin_features] Building CatBoost-specific cabin features.
[create_catboost_spend_features] Building CatBoost-specific spend features.
[create_catboost_surname_features] Building CatBoost-specific surname features.
[finalize_common_frame] Finalizing common frame for fold_apply.
[get_feature_sets_for_cat] Selecting CatBoost feature columns.
[preprocess_for_catboost] Preserving native string categorical features for CatBoost.
[basic_cleaning] Normalizing obvious empty strings and trimming whitespace.
[enforce_dtypes] Enforcing numeric and categorical-friendly dtypes.
[basic_cleaning] Normalizing obvious empty strings and trimming whitespace.
[enforce_dtypes] Enforcing numeric and categorical-friendly dtypes.
[split_passenger_id_features] Splitting PassengerId into group features.
[split_passenger_id_features] Splitting PassengerId into group features.
[split_cabin_features] Splitting Cabin into deck/number/side.
[split_cabin_features] Splitting Cabin into deck/number/side.
[extract_name_features] Extracting surname tokens from Name.
[extract_name_features] Extracting surname tokens from Name.
[create_missing_indicators] Creating missing-value indicator columns.
[create_missing_indicators] Creating missing-value indicator columns.
[infer_missing_cryosleep] Applying rule-based CryoSleep inference.
[infer_missing_cryosleep] Applying rule-based CryoSleep inference.
[apply_cryosleep_spend_rule] Forcing spend columns to zero when CryoSleep is True.
[apply_cryosleep_spend_rule] Forcing spend columns to zero when CryoSleep is True.
[fit_common_statistics] Fitting train-only statistics for Age, SurnameFreq, spend, and CabinNumBin.
[apply_common_statistics] Applying train-fit statistics and deterministic fills.
[_apply_spend_imputation] Filling spend columns with hierarchical medians and fallbacks.
[apply_common_statistics] Applying train-fit statistics and deterministic fills.
[_apply_spend_imputation] Filling spend columns with hierarchical medians and fallbacks.
[create_spend_features] Building TotalSpend, IsZeroSpend, and SpendCount.
[create_age_features] Building age segment features.
[create_spend_structure_features] Building spend structure features.
[create_group_structure_features] Building group structure features.
[create_interaction_categorical_features] Building interaction categorical features.
[create_catboost_group_features] Building CatBoost-specific group features.
[create_catboost_cabin_features] Building CatBoost-specific cabin features.
[create_catboost_spend_features] Building CatBoost-specific spend features.
[create_catboost_surname_features] Building CatBoost-specific surname features.
[finalize_common_frame] Finalizing common frame for fold_train.
[create_spend_features] Building TotalSpend, IsZeroSpend, and SpendCount.
[create_age_features] Building age segment features.
[create_spend_structure_features] Building spend structure features.
[create_group_structure_features] Building group structure features.
[create_interaction_categorical_features] Building interaction categorical features.
[create_catboost_group_features] Building CatBoost-specific group features.
[create_catboost_cabin_features] Building CatBoost-specific cabin features.
[create_catboost_spend_features] Building CatBoost-specific spend features.
[create_catboost_surname_features] Building CatBoost-specific surname features.
[finalize_common_frame] Finalizing common frame for fold_apply.
[basic_cleaning] Normalizing obvious empty strings and trimming whitespace.
[enforce_dtypes] Enforcing numeric and categorical-friendly dtypes.
[basic_cleaning] Normalizing obvious empty strings and trimming whitespace.
[enforce_dtypes] Enforcing numeric and categorical-friendly dtypes.
[split_passenger_id_features] Splitting PassengerId into group features.
[split_passenger_id_features] Splitting PassengerId into group features.
[split_cabin_features] Splitting Cabin into deck/number/side.
[split_cabin_features] Splitting Cabin into deck/number/side.
[extract_name_features] Extracting surname tokens from Name.
[extract_name_features] Extracting surname tokens from Name.
[create_missing_indicators] Creating missing-value indicator columns.
[create_missing_indicators] Creating missing-value indicator columns.
[infer_missing_cryosleep] Applying rule-based CryoSleep inference.
[infer_missing_cryosleep] Applying rule-based CryoSleep inference.
[apply_cryosleep_spend_rule] Forcing spend columns to zero when CryoSleep is True.
[apply_cryosleep_spend_rule] Forcing spend columns to zero when CryoSleep is True.
[fit_common_statistics] Fitting train-only statistics for Age, SurnameFreq, spend, and CabinNumBin.
[apply_common_statistics] Applying train-fit statistics and deterministic fills.
[_apply_spend_imputation] Filling spend columns with hierarchical medians and fallbacks.
[apply_common_statistics] Applying train-fit statistics and deterministic fills.
[_apply_spend_imputation] Filling spend columns with hierarchical medians and fallbacks.
[create_spend_features] Building TotalSpend, IsZeroSpend, and SpendCount.
[create_age_features] Building age segment features.
[create_spend_structure_features] Building spend structure features.
[create_group_structure_features] Building group structure features.
[create_interaction_categorical_features] Building interaction categorical features.
[create_catboost_group_features] Building CatBoost-specific group features.
[create_catboost_cabin_features] Building CatBoost-specific cabin features.
[create_catboost_spend_features] Building CatBoost-specific spend features.
[create_catboost_surname_features] Building CatBoost-specific surname features.
[finalize_common_frame] Finalizing common frame for fold_train.
[create_spend_features] Building TotalSpend, IsZeroSpend, and SpendCount.
[create_age_features] Building age segment features.
[create_spend_structure_features] Building spend structure features.
[create_group_structure_features] Building group structure features.
[create_interaction_categorical_features] Building interaction categorical features.
[create_catboost_group_features] Building CatBoost-specific group features.
[create_catboost_cabin_features] Building CatBoost-specific cabin features.
[create_catboost_spend_features] Building CatBoost-specific spend features.
[create_catboost_surname_features] Building CatBoost-specific surname features.
[finalize_common_frame] Finalizing common frame for fold_apply.
[get_feature_sets_for_cat] Selecting CatBoost feature columns.
[preprocess_for_catboost] Preserving native string categorical features for CatBoost.
[extended] CatBoost cat_report_best: 0.814334
[extended] CatBoost cat_baseline_500: 0.814334
[extended] CatBoost cat_depth5: 0.813988
[extended] CatBoost cat_lr0.03_l2_5: 0.815599
[extended] CatBoost cat_depth7: 0.810538
Traceback (most recent call last):
  File "/Users/shenyijie/Desktop/MLWP project/group3/reproduction/run_extended_workflows.py", line 404, in <module>
    main()
  File "/Users/shenyijie/Desktop/MLWP project/group3/reproduction/run_extended_workflows.py", line 395, in main
    comparison_df = summarize_against_report(tuning_df, xgb_validation)
                    ^^^^^^^^^^^^^^^^^^^^^^^^^^^^^^^^^^^^^^^^^^^^^^^^^^^
  File "/Users/shenyijie/Desktop/MLWP project/group3/reproduction/run_extended_workflows.py", line 306, in summarize_against_report
    lgbm_top30 = next(row for row in lgbm_summary["variants"] if row["top_k"] == 30)
                 ^^^^^^^^^^^^^^^^^^^^^^^^^^^^^^^^^^^^^^^^^^^^^^^^^^^^^^^^^^^^^^^^^^^
  File "/Users/shenyijie/Desktop/MLWP project/group3/reproduction/run_extended_workflows.py", line 306, in <genexpr>
    lgbm_top30 = next(row for row in lgbm_summary["variants"] if row["top_k"] == 30)
                                                                 ~~~^^^^^^^^^
KeyError: 'top_k'
[extended] Reusing existing tuning results: /Users/shenyijie/Desktop/MLWP project/group3/reproduction/outputs/extended_workflows/lightweight_tuning_rerun_results.csv
[extended] Completed. Outputs: /Users/shenyijie/Desktop/MLWP project/group3/reproduction/outputs/extended_workflows
