[logistic_regression] Loading preprocessed bundle from: /Users/shenyijie/Desktop/MLWP project/group3/reproduction/work/logistic_project_final/project_root/processed
[load_preprocessed_bundle] Loading bundle from: /Users/shenyijie/Desktop/MLWP project/group3/reproduction/work/logistic_project_final/project_root/processed/logistic_regression/preprocessed_logistic_regression.joblib
[logistic_regression] Falling back to in-memory preprocessing because bundle loading failed: FileNotFoundError: [Errno 2] No such file or directory: '/Users/shenyijie/Desktop/MLWP project/group3/reproduction/work/logistic_project_final/project_root/processed/logistic_regression/preprocessed_logistic_regression.joblib'
[run_all_preprocessing] Running full preprocessing workflow.
[load_raw_data] Loading raw CSV files from: /Users/shenyijie/Desktop/MLWP project/group3/reproduction/work/logistic_project_final/project_root/spaceship-titanic
[load_raw_data] train shape=(8693, 14), test shape=(4277, 13)
[inspect_raw_data] Target in train only: True False
[build_common_features] Starting shared preprocessing pipeline.
[build_data_summary] Building raw data summary metadata.
[basic_cleaning] Normalizing obvious empty strings and trimming whitespace.
[enforce_dtypes] Enforcing numeric and categorical-friendly dtypes.
[basic_cleaning] Normalizing obvious empty strings and trimming whitespace.
[enforce_dtypes] Enforcing numeric and categorical-friendly dtypes.
[build_group_features_with_combined_ids] Building GroupSize from combined train/test PassengerId structure.
[split_passenger_id_features] Splitting PassengerId into group features.
[split_passenger_id_features] Splitting PassengerId into group features.
[split_cabin_features] Splitting Cabin into deck/number/side.
[split_cabin_features] Splitting Cabin into deck/number/side.
[extract_name_features] Extracting surname tokens from Name.
[extract_name_features] Extracting surname tokens from Name.
[create_missing_indicators] Creating missing-value indicator columns.
[create_missing_indicators] Creating missing-value indicator columns.
[fill_group_consistent_categories] Filling group-consistent columns: ['HomePlanet', 'VIP', 'Destination']
[fill_group_consistent_categories] Filling group-consistent columns: ['HomePlanet', 'VIP', 'Destination']
[infer_missing_cryosleep] Applying rule-based CryoSleep inference.
[infer_missing_cryosleep] Applying rule-based CryoSleep inference.
[apply_cryosleep_spend_rule] Forcing spend columns to zero when CryoSleep is True.
[apply_cryosleep_spend_rule] Forcing spend columns to zero when CryoSleep is True.
[fit_common_statistics] Fitting train-only statistics for Age, SurnameFreq, spend, and CabinNumBin.
[apply_common_statistics] Applying train-fit statistics and deterministic fills.
[_apply_spend_imputation] Filling spend columns with hierarchical medians and fallbacks.
[apply_common_statistics] Applying train-fit statistics and deterministic fills.
[_apply_spend_imputation] Filling spend columns with hierarchical medians and fallbacks.
[create_spend_features] Building TotalSpend, IsZeroSpend, and SpendCount.
[create_spend_features] Building TotalSpend, IsZeroSpend, and SpendCount.
[create_age_features] Building age segment features.
[create_age_features] Building age segment features.
[create_spend_structure_features] Building spend structure features.
[create_spend_structure_features] Building spend structure features.
[create_group_structure_features] Building group structure features.
[create_group_structure_features] Building group structure features.
[create_interaction_categorical_features] Building interaction categorical features.
[create_interaction_categorical_features] Building interaction categorical features.
[finalize_common_frame] Finalizing common frame for train.
[finalize_common_frame] Finalizing common frame for test.
[build_preprocessing_quality_report] Building preprocessing quality report.
[build_common_features] Shared preprocessing pipeline completed.
[get_feature_sets_for_lr] Selecting Logistic Regression feature columns.
[preprocess_for_logistic_regression] Applying log1p, scaling, and one-hot encoding.
[get_feature_sets_for_rf] Selecting Random Forest feature columns.
[preprocess_for_random_forest] Applying one-hot encoding without scaling.
[get_feature_sets_for_hgb] Selecting HistGradientBoosting feature columns.
[preprocess_for_histgradientboosting] Applying ordinal encoding for dense gradient boosting input.
[get_feature_sets_for_xgb] Selecting XGBoost feature columns.
[preprocess_for_xgboost] Applying log1p and one-hot encoding without scaling.
[get_feature_sets_for_lgbm] Selecting LightGBM feature columns.
[preprocess_for_lightgbm] Preserving a native tabular DataFrame with category dtypes.
[get_feature_sets_for_cat] Selecting CatBoost feature columns.
[preprocess_for_catboost] Preserving native string categorical features for CatBoost.
[get_feature_sets_for_knn] Selecting compact KNN feature columns.
[preprocess_for_knn] Applying log1p, scaling, and dense one-hot encoding.
[run_all_preprocessing] Completed preprocessing for all configured model branches.
[logistic_regression] Training LogisticRegression with config: {'solver': 'saga', 'penalty': 'l2', 'C': 1.0, 'max_iter': 5000, 'tol': 0.0001, 'random_state': 42, 'class_weight': None}
[logistic_regression] Saved artifacts to: /Users/shenyijie/Desktop/MLWP project/group3/reproduction/outputs/logistic_project_final/artifacts/train/logistic_regression/train_001
[logistic_regression] Saved artifacts to: /Users/shenyijie/Desktop/MLWP project/group3/reproduction/outputs/logistic_project_final/artifacts/logistic_regression
[logistic_regression] Saved submission to: /Users/shenyijie/Desktop/MLWP project/group3/reproduction/outputs/logistic_project_final/submissions/submission_logistic_regression.csv
[logistic_regression] Train summary: {'summary_type': 'train_only', 'mode': 'final_train', 'train_accuracy': 0.7917864948809387, 'train_positive_rate_observed': 0.5036236051995858, 'train_positive_rate_predicted': 0.5284711837110319, 'n_train_samples': 8693, 'n_test_samples': 4277}
$ /Users/shenyijie/Desktop/MLWP project/group3/reproduction/.venv/bin/python -u model_logistic_regression.py --project-root /Users/shenyijie/Desktop/MLWP project/group3/reproduction/work/logistic_project_final/project_root --artifacts-dir /Users/shenyijie/Desktop/MLWP project/group3/reproduction/outputs/logistic_project_final/artifacts --submissions-dir /Users/shenyijie/Desktop/MLWP project/group3/reproduction/outputs/logistic_project_final/submissions --mode final_train --threshold 0.5

