$ /Users/shenyijie/Desktop/MLWP project/group3/reproduction/.venv/bin/python -u model_random_forest.py

[run_all_preprocessing] Running full preprocessing workflow.
[load_raw_data] Loading raw CSV files from: /Users/shenyijie/Desktop/MLWP project/group3/reproduction/work/random_forest_github_branch/source/spaceship-titanic
[load_raw_data] train shape=(8693, 14), test shape=(4277, 13)
[inspect_raw_data] Target in train only: True False
[build_common_features] Starting shared preprocessing pipeline.
[build_data_summary] Building raw data summary metadata.
[basic_cleaning] Normalizing obvious empty strings and trimming whitespace.
[enforce_dtypes] Enforcing numeric and categorical-friendly dtypes.
[basic_cleaning] Normalizing obvious empty strings and trimming whitespace.
[enforce_dtypes] Enforcing numeric and categorical-friendly dtypes.
[build_group_features_with_combined_ids] Building GroupSize from combined train/test PassengerId structure.
[split_passenger_id_features] Splitting PassengerId into group features.
[split_passenger_id_features] Splitting PassengerId into group features.
[split_cabin_features] Splitting Cabin into deck/number/side.
[split_cabin_features] Splitting Cabin into deck/number/side.
[extract_name_features] Extracting surname tokens from Name.
[extract_name_features] Extracting surname tokens from Name.
[create_missing_indicators] Creating missing-value indicator columns.
[create_missing_indicators] Creating missing-value indicator columns.
[fill_group_consistent_categories] Filling group-consistent columns: ['HomePlanet', 'VIP', 'Destination']
[fill_group_consistent_categories] Filling group-consistent columns: ['HomePlanet', 'VIP', 'Destination']
[infer_missing_cryosleep] Applying rule-based CryoSleep inference.
[infer_missing_cryosleep] Applying rule-based CryoSleep inference.
[apply_cryosleep_spend_rule] Forcing spend columns to zero when CryoSleep is True.
[apply_cryosleep_spend_rule] Forcing spend columns to zero when CryoSleep is True.
[fit_common_statistics] Fitting train-only statistics for Age, SurnameFreq, spend, and CabinNumBin.
[apply_common_statistics] Applying train-fit statistics and deterministic fills.
[_apply_spend_imputation] Filling spend columns with hierarchical medians and fallbacks.
[apply_common_statistics] Applying train-fit statistics and deterministic fills.
[_apply_spend_imputation] Filling spend columns with hierarchical medians and fallbacks.
[create_spend_features] Building TotalSpend, IsZeroSpend, and SpendCount.
[create_spend_features] Building TotalSpend, IsZeroSpend, and SpendCount.
[create_age_features] Building age segment features.
[create_age_features] Building age segment features.
[create_spend_structure_features] Building spend structure features.
[create_spend_structure_features] Building spend structure features.
[create_group_structure_features] Building group structure features.
[create_group_structure_features] Building group structure features.
[create_interaction_categorical_features] Building interaction categorical features.
[create_interaction_categorical_features] Building interaction categorical features.
[finalize_common_frame] Finalizing common frame for train.
[finalize_common_frame] Finalizing common frame for test.
[build_preprocessing_quality_report] Building preprocessing quality report.
[build_common_features] Shared preprocessing pipeline completed.
[get_feature_sets_for_lr] Selecting Logistic Regression feature columns.
[preprocess_for_logistic_regression] Applying log1p, scaling, and one-hot encoding.
[save_preprocessed_bundle] Saving logistic_regression bundle to: /Users/shenyijie/Desktop/MLWP project/group3/reproduction/work/random_forest_github_branch/source/processed/logistic_regression/preprocessed_logistic_regression.joblib
[get_feature_sets_for_rf] Selecting Random Forest feature columns.
[preprocess_for_random_forest] Applying one-hot encoding without scaling.
[save_preprocessed_bundle] Saving random_forest bundle to: /Users/shenyijie/Desktop/MLWP project/group3/reproduction/work/random_forest_github_branch/source/processed/random_forest/preprocessed_random_forest.joblib
[get_feature_sets_for_hgb] Selecting HistGradientBoosting feature columns.
[preprocess_for_histgradientboosting] Applying ordinal encoding for dense gradient boosting input.
[save_preprocessed_bundle] Saving hist_gradient_boosting bundle to: /Users/shenyijie/Desktop/MLWP project/group3/reproduction/work/random_forest_github_branch/source/processed/hist_gradient_boosting/preprocessed_hist_gradient_boosting.joblib
[get_feature_sets_for_xgb] Selecting XGBoost feature columns.
[preprocess_for_xgboost] Applying log1p and one-hot encoding without scaling.
[save_preprocessed_bundle] Saving xgboost bundle to: /Users/shenyijie/Desktop/MLWP project/group3/reproduction/work/random_forest_github_branch/source/processed/xgboost/preprocessed_xgboost.joblib
[get_feature_sets_for_lgbm] Selecting LightGBM feature columns.
[preprocess_for_lightgbm] Preserving a native tabular DataFrame with category dtypes.
[save_preprocessed_bundle] Saving lightgbm bundle to: /Users/shenyijie/Desktop/MLWP project/group3/reproduction/work/random_forest_github_branch/source/processed/lightgbm/preprocessed_lightgbm.joblib
[get_feature_sets_for_cat] Selecting CatBoost feature columns.
[preprocess_for_catboost] Preserving native string categorical features for CatBoost.
[save_preprocessed_bundle] Saving catboost bundle to: /Users/shenyijie/Desktop/MLWP project/group3/reproduction/work/random_forest_github_branch/source/processed/catboost/preprocessed_catboost.joblib
[get_feature_sets_for_knn] Selecting compact KNN feature columns.
[preprocess_for_knn] Applying log1p, scaling, and dense one-hot encoding.
[save_preprocessed_bundle] Saving knn bundle to: /Users/shenyijie/Desktop/MLWP project/group3/reproduction/work/random_forest_github_branch/source/processed/knn/preprocessed_knn.joblib
[save_preprocessed_bundle] Saving common bundle to: /Users/shenyijie/Desktop/MLWP project/group3/reproduction/work/random_forest_github_branch/source/processed/common/preprocessed_common.joblib
[run_all_preprocessing] Completed preprocessing for all configured model branches.
[load_preprocessed_bundle] Loading bundle from: /Users/shenyijie/Desktop/MLWP project/group3/reproduction/work/random_forest_github_branch/source/processed/random_forest/preprocessed_random_forest.joblib
[random_forest] fixed-params CV accuracy=0.81514
[random_forest] wrote submission_rf.csv (True/False)
