[lightgbm-top] running top 20
[load_raw_data] Loading raw CSV files from: /Users/shenyijie/Desktop/MLWP project/group3/sources/lightgbm_submission/spaceship-titanic
[load_raw_data] train shape=(8693, 14), test shape=(4277, 13)
[basic_cleaning] Normalizing obvious empty strings and trimming whitespace.
[enforce_dtypes] Enforcing numeric and categorical-friendly dtypes.
[basic_cleaning] Normalizing obvious empty strings and trimming whitespace.
[enforce_dtypes] Enforcing numeric and categorical-friendly dtypes.
[build_group_features_with_combined_ids] Building GroupSize from combined train/test PassengerId structure.
[split_passenger_id_features] Splitting PassengerId into group features.
[split_passenger_id_features] Splitting PassengerId into group features.
[split_cabin_features] Splitting Cabin into deck/number/side.
[split_cabin_features] Splitting Cabin into deck/number/side.
[extract_name_features] Extracting surname tokens from Name.
[extract_name_features] Extracting surname tokens from Name.
[create_missing_indicators] Creating missing-value indicator columns.
[create_missing_indicators] Creating missing-value indicator columns.
[fill_group_consistent_categories] Filling group-consistent columns: ['HomePlanet', 'VIP', 'Destination']
[fill_group_consistent_categories] Filling group-consistent columns: ['HomePlanet', 'VIP', 'Destination']
[infer_missing_cryosleep] Applying rule-based CryoSleep inference.
[infer_missing_cryosleep] Applying rule-based CryoSleep inference.
[apply_cryosleep_spend_rule] Forcing spend columns to zero when CryoSleep is True.
[apply_cryosleep_spend_rule] Forcing spend columns to zero when CryoSleep is True.
[fit_common_statistics] Fitting train-only statistics for Age, SurnameFreq, spend, and CabinNumBin.
[apply_common_statistics] Applying train-fit statistics and deterministic fills.
[_apply_spend_imputation] Filling spend columns with hierarchical medians and fallbacks.
[apply_common_statistics] Applying train-fit statistics and deterministic fills.
[_apply_spend_imputation] Filling spend columns with hierarchical medians and fallbacks.
[create_spend_features] Building TotalSpend, IsZeroSpend, and SpendCount.
[create_spend_features] Building TotalSpend, IsZeroSpend, and SpendCount.
[create_age_features] Building age segment features.
[create_age_features] Building age segment features.
[create_spend_structure_features] Building spend structure features.
[create_spend_structure_features] Building spend structure features.
[create_group_structure_features] Building group structure features.
[create_group_structure_features] Building group structure features.
[create_interaction_categorical_features] Building interaction categorical features.
[create_interaction_categorical_features] Building interaction categorical features.
[finalize_common_frame] Finalizing common frame for train.
[finalize_common_frame] Finalizing common frame for test.
[get_feature_sets_for_lgbm] Selecting LightGBM feature columns.
[preprocess_for_lightgbm] Preserving a native tabular DataFrame with category dtypes.
[load_raw_data] Loading raw CSV files from: /Users/shenyijie/Desktop/MLWP project/group3/sources/lightgbm_submission/spaceship-titanic
[load_raw_data] train shape=(8693, 14), test shape=(4277, 13)
[basic_cleaning] Normalizing obvious empty strings and trimming whitespace.
[enforce_dtypes] Enforcing numeric and categorical-friendly dtypes.
[basic_cleaning] Normalizing obvious empty strings and trimming whitespace.
[enforce_dtypes] Enforcing numeric and categorical-friendly dtypes.
[build_group_features_with_combined_ids] Building GroupSize from combined train/test PassengerId structure.
[split_passenger_id_features] Splitting PassengerId into group features.
[split_passenger_id_features] Splitting PassengerId into group features.
[split_cabin_features] Splitting Cabin into deck/number/side.
[split_cabin_features] Splitting Cabin into deck/number/side.
[extract_name_features] Extracting surname tokens from Name.
[extract_name_features] Extracting surname tokens from Name.
[create_missing_indicators] Creating missing-value indicator columns.
[create_missing_indicators] Creating missing-value indicator columns.
[fill_group_consistent_categories] Filling group-consistent columns: ['HomePlanet', 'VIP', 'Destination']
[fill_group_consistent_categories] Filling group-consistent columns: ['HomePlanet', 'VIP', 'Destination']
[infer_missing_cryosleep] Applying rule-based CryoSleep inference.
[infer_missing_cryosleep] Applying rule-based CryoSleep inference.
[apply_cryosleep_spend_rule] Forcing spend columns to zero when CryoSleep is True.
[apply_cryosleep_spend_rule] Forcing spend columns to zero when CryoSleep is True.
[fit_common_statistics] Fitting train-only statistics for Age, SurnameFreq, spend, and CabinNumBin.
[apply_common_statistics] Applying train-fit statistics and deterministic fills.
[_apply_spend_imputation] Filling spend columns with hierarchical medians and fallbacks.
[apply_common_statistics] Applying train-fit statistics and deterministic fills.
[_apply_spend_imputation] Filling spend columns with hierarchical medians and fallbacks.
[create_spend_features] Building TotalSpend, IsZeroSpend, and SpendCount.
[create_spend_features] Building TotalSpend, IsZeroSpend, and SpendCount.
[create_age_features] Building age segment features.
[create_age_features] Building age segment features.
[create_spend_structure_features] Building spend structure features.
[create_spend_structure_features] Building spend structure features.
[create_group_structure_features] Building group structure features.
[create_group_structure_features] Building group structure features.
[create_interaction_categorical_features] Building interaction categorical features.
[create_interaction_categorical_features] Building interaction categorical features.
[finalize_common_frame] Finalizing common frame for train.
[finalize_common_frame] Finalizing common frame for test.
[get_feature_sets_for_lgbm] Selecting LightGBM feature columns.
[preprocess_for_lightgbm] Preserving a native tabular DataFrame with category dtypes.
[lightgbm-top] running top 30
[load_raw_data] Loading raw CSV files from: /Users/shenyijie/Desktop/MLWP project/group3/sources/lightgbm_submission/spaceship-titanic
[load_raw_data] train shape=(8693, 14), test shape=(4277, 13)
[basic_cleaning] Normalizing obvious empty strings and trimming whitespace.
[enforce_dtypes] Enforcing numeric and categorical-friendly dtypes.
[basic_cleaning] Normalizing obvious empty strings and trimming whitespace.
[enforce_dtypes] Enforcing numeric and categorical-friendly dtypes.
[build_group_features_with_combined_ids] Building GroupSize from combined train/test PassengerId structure.
[split_passenger_id_features] Splitting PassengerId into group features.
[split_passenger_id_features] Splitting PassengerId into group features.
[split_cabin_features] Splitting Cabin into deck/number/side.
[split_cabin_features] Splitting Cabin into deck/number/side.
[extract_name_features] Extracting surname tokens from Name.
[extract_name_features] Extracting surname tokens from Name.
[create_missing_indicators] Creating missing-value indicator columns.
[create_missing_indicators] Creating missing-value indicator columns.
[fill_group_consistent_categories] Filling group-consistent columns: ['HomePlanet', 'VIP', 'Destination']
[fill_group_consistent_categories] Filling group-consistent columns: ['HomePlanet', 'VIP', 'Destination']
[infer_missing_cryosleep] Applying rule-based CryoSleep inference.
[infer_missing_cryosleep] Applying rule-based CryoSleep inference.
[apply_cryosleep_spend_rule] Forcing spend columns to zero when CryoSleep is True.
[apply_cryosleep_spend_rule] Forcing spend columns to zero when CryoSleep is True.
[fit_common_statistics] Fitting train-only statistics for Age, SurnameFreq, spend, and CabinNumBin.
[apply_common_statistics] Applying train-fit statistics and deterministic fills.
[_apply_spend_imputation] Filling spend columns with hierarchical medians and fallbacks.
[apply_common_statistics] Applying train-fit statistics and deterministic fills.
[_apply_spend_imputation] Filling spend columns with hierarchical medians and fallbacks.
[create_spend_features] Building TotalSpend, IsZeroSpend, and SpendCount.
[create_spend_features] Building TotalSpend, IsZeroSpend, and SpendCount.
[create_age_features] Building age segment features.
[create_age_features] Building age segment features.
[create_spend_structure_features] Building spend structure features.
[create_spend_structure_features] Building spend structure features.
[create_group_structure_features] Building group structure features.
[create_group_structure_features] Building group structure features.
[create_interaction_categorical_features] Building interaction categorical features.
[create_interaction_categorical_features] Building interaction categorical features.
[finalize_common_frame] Finalizing common frame for train.
[finalize_common_frame] Finalizing common frame for test.
[get_feature_sets_for_lgbm] Selecting LightGBM feature columns.
[preprocess_for_lightgbm] Preserving a native tabular DataFrame with category dtypes.
[load_raw_data] Loading raw CSV files from: /Users/shenyijie/Desktop/MLWP project/group3/sources/lightgbm_submission/spaceship-titanic
[load_raw_data] train shape=(8693, 14), test shape=(4277, 13)
[basic_cleaning] Normalizing obvious empty strings and trimming whitespace.
[enforce_dtypes] Enforcing numeric and categorical-friendly dtypes.
[basic_cleaning] Normalizing obvious empty strings and trimming whitespace.
[enforce_dtypes] Enforcing numeric and categorical-friendly dtypes.
[build_group_features_with_combined_ids] Building GroupSize from combined train/test PassengerId structure.
[split_passenger_id_features] Splitting PassengerId into group features.
[split_passenger_id_features] Splitting PassengerId into group features.
[split_cabin_features] Splitting Cabin into deck/number/side.
[split_cabin_features] Splitting Cabin into deck/number/side.
[extract_name_features] Extracting surname tokens from Name.
[extract_name_features] Extracting surname tokens from Name.
[create_missing_indicators] Creating missing-value indicator columns.
[create_missing_indicators] Creating missing-value indicator columns.
[fill_group_consistent_categories] Filling group-consistent columns: ['HomePlanet', 'VIP', 'Destination']
[fill_group_consistent_categories] Filling group-consistent columns: ['HomePlanet', 'VIP', 'Destination']
[infer_missing_cryosleep] Applying rule-based CryoSleep inference.
[infer_missing_cryosleep] Applying rule-based CryoSleep inference.
[apply_cryosleep_spend_rule] Forcing spend columns to zero when CryoSleep is True.
[apply_cryosleep_spend_rule] Forcing spend columns to zero when CryoSleep is True.
[fit_common_statistics] Fitting train-only statistics for Age, SurnameFreq, spend, and CabinNumBin.
[apply_common_statistics] Applying train-fit statistics and deterministic fills.
[_apply_spend_imputation] Filling spend columns with hierarchical medians and fallbacks.
[apply_common_statistics] Applying train-fit statistics and deterministic fills.
[_apply_spend_imputation] Filling spend columns with hierarchical medians and fallbacks.
[create_spend_features] Building TotalSpend, IsZeroSpend, and SpendCount.
[create_spend_features] Building TotalSpend, IsZeroSpend, and SpendCount.
[create_age_features] Building age segment features.
[create_age_features] Building age segment features.
[create_spend_structure_features] Building spend structure features.
[create_spend_structure_features] Building spend structure features.
[create_group_structure_features] Building group structure features.
[create_group_structure_features] Building group structure features.
[create_interaction_categorical_features] Building interaction categorical features.
[create_interaction_categorical_features] Building interaction categorical features.
[finalize_common_frame] Finalizing common frame for train.
[finalize_common_frame] Finalizing common frame for test.
[get_feature_sets_for_lgbm] Selecting LightGBM feature columns.
[preprocess_for_lightgbm] Preserving a native tabular DataFrame with category dtypes.
[lightgbm-top] running top 40
[load_raw_data] Loading raw CSV files from: /Users/shenyijie/Desktop/MLWP project/group3/sources/lightgbm_submission/spaceship-titanic
[load_raw_data] train shape=(8693, 14), test shape=(4277, 13)
[basic_cleaning] Normalizing obvious empty strings and trimming whitespace.
[enforce_dtypes] Enforcing numeric and categorical-friendly dtypes.
[basic_cleaning] Normalizing obvious empty strings and trimming whitespace.
[enforce_dtypes] Enforcing numeric and categorical-friendly dtypes.
[build_group_features_with_combined_ids] Building GroupSize from combined train/test PassengerId structure.
[split_passenger_id_features] Splitting PassengerId into group features.
[split_passenger_id_features] Splitting PassengerId into group features.
[split_cabin_features] Splitting Cabin into deck/number/side.
[split_cabin_features] Splitting Cabin into deck/number/side.
[extract_name_features] Extracting surname tokens from Name.
[extract_name_features] Extracting surname tokens from Name.
[create_missing_indicators] Creating missing-value indicator columns.
[create_missing_indicators] Creating missing-value indicator columns.
[fill_group_consistent_categories] Filling group-consistent columns: ['HomePlanet', 'VIP', 'Destination']
[fill_group_consistent_categories] Filling group-consistent columns: ['HomePlanet', 'VIP', 'Destination']
[infer_missing_cryosleep] Applying rule-based CryoSleep inference.
[infer_missing_cryosleep] Applying rule-based CryoSleep inference.
[apply_cryosleep_spend_rule] Forcing spend columns to zero when CryoSleep is True.
[apply_cryosleep_spend_rule] Forcing spend columns to zero when CryoSleep is True.
[fit_common_statistics] Fitting train-only statistics for Age, SurnameFreq, spend, and CabinNumBin.
[apply_common_statistics] Applying train-fit statistics and deterministic fills.
[_apply_spend_imputation] Filling spend columns with hierarchical medians and fallbacks.
[apply_common_statistics] Applying train-fit statistics and deterministic fills.
[_apply_spend_imputation] Filling spend columns with hierarchical medians and fallbacks.
[create_spend_features] Building TotalSpend, IsZeroSpend, and SpendCount.
[create_spend_features] Building TotalSpend, IsZeroSpend, and SpendCount.
[create_age_features] Building age segment features.
[create_age_features] Building age segment features.
[create_spend_structure_features] Building spend structure features.
[create_spend_structure_features] Building spend structure features.
[create_group_structure_features] Building group structure features.
[create_group_structure_features] Building group structure features.
[create_interaction_categorical_features] Building interaction categorical features.
[create_interaction_categorical_features] Building interaction categorical features.
[finalize_common_frame] Finalizing common frame for train.
[finalize_common_frame] Finalizing common frame for test.
[get_feature_sets_for_lgbm] Selecting LightGBM feature columns.
[preprocess_for_lightgbm] Preserving a native tabular DataFrame with category dtypes.
[load_raw_data] Loading raw CSV files from: /Users/shenyijie/Desktop/MLWP project/group3/sources/lightgbm_submission/spaceship-titanic
[load_raw_data] train shape=(8693, 14), test shape=(4277, 13)
[basic_cleaning] Normalizing obvious empty strings and trimming whitespace.
[enforce_dtypes] Enforcing numeric and categorical-friendly dtypes.
[basic_cleaning] Normalizing obvious empty strings and trimming whitespace.
[enforce_dtypes] Enforcing numeric and categorical-friendly dtypes.
[build_group_features_with_combined_ids] Building GroupSize from combined train/test PassengerId structure.
[split_passenger_id_features] Splitting PassengerId into group features.
[split_passenger_id_features] Splitting PassengerId into group features.
[split_cabin_features] Splitting Cabin into deck/number/side.
[split_cabin_features] Splitting Cabin into deck/number/side.
[extract_name_features] Extracting surname tokens from Name.
[extract_name_features] Extracting surname tokens from Name.
[create_missing_indicators] Creating missing-value indicator columns.
[create_missing_indicators] Creating missing-value indicator columns.
[fill_group_consistent_categories] Filling group-consistent columns: ['HomePlanet', 'VIP', 'Destination']
[fill_group_consistent_categories] Filling group-consistent columns: ['HomePlanet', 'VIP', 'Destination']
[infer_missing_cryosleep] Applying rule-based CryoSleep inference.
[infer_missing_cryosleep] Applying rule-based CryoSleep inference.
[apply_cryosleep_spend_rule] Forcing spend columns to zero when CryoSleep is True.
[apply_cryosleep_spend_rule] Forcing spend columns to zero when CryoSleep is True.
[fit_common_statistics] Fitting train-only statistics for Age, SurnameFreq, spend, and CabinNumBin.
[apply_common_statistics] Applying train-fit statistics and deterministic fills.
[_apply_spend_imputation] Filling spend columns with hierarchical medians and fallbacks.
[apply_common_statistics] Applying train-fit statistics and deterministic fills.
[_apply_spend_imputation] Filling spend columns with hierarchical medians and fallbacks.
[create_spend_features] Building TotalSpend, IsZeroSpend, and SpendCount.
[create_spend_features] Building TotalSpend, IsZeroSpend, and SpendCount.
[create_age_features] Building age segment features.
[create_age_features] Building age segment features.
[create_spend_structure_features] Building spend structure features.
[create_spend_structure_features] Building spend structure features.
[create_group_structure_features] Building group structure features.
[create_group_structure_features] Building group structure features.
[create_interaction_categorical_features] Building interaction categorical features.
[create_interaction_categorical_features] Building interaction categorical features.
[finalize_common_frame] Finalizing common frame for train.
[finalize_common_frame] Finalizing common frame for test.
[get_feature_sets_for_lgbm] Selecting LightGBM feature columns.
[preprocess_for_lightgbm] Preserving a native tabular DataFrame with category dtypes.
/Users/shenyijie/Desktop/MLWP project/group3/reproduction/outputs/lightgbm_top30/LIGHTGBM_TOP30_SUMMARY.md
